<?xml version="1.0" encoding="UTF-8"?>
<!-- Generated by org.testng.reporters.JUnitXMLReporter -->
<testsuite ignored="4" hostname="Entab-LM16" failures="0" tests="5" name="Default test" time="60.162" errors="0" timestamp="2026-02-24T09:55:24 IST">
  <testcase classname="Entab.ERP.Tests.VerifyGroupLedgerMasterPage" name="verifyGroupLedgerMasterPage" time="24.414"/>
  <testcase classname="Entab.ERP.Tests.VerifyGroupLedgerMasterPage" name="verifyMandatroyFieldGroupLedger" time="8.538"/>
  <testcase classname="Entab.ERP.Tests.VerifyGroupLedgerMasterPage" name="verifyExportCSV" time="3.109"/>
  <testcase classname="Entab.ERP.Tests.VerifyGroupLedgerMasterPage" name="verifyExportExcel" time="2.096"/>
  <testcase classname="Entab.ERP.Tests.VerifyGroupLedgerMasterPage" name="verifyExportPdf" time="4.411"/>
  <testcase classname="Entab.ERP.Tests.VerifyGroupLedgerMasterPage" name="verifyAddGroupLedger" time="0.0">
    <ignored/>
  </testcase> <!-- verifyAddGroupLedger -->
  <testcase classname="Entab.ERP.Tests.VerifyGroupLedgerMasterPage" name="verifydeleteGroupLedger" time="0.0">
    <ignored/>
  </testcase> <!-- verifydeleteGroupLedger -->
  <testcase classname="Entab.ERP.Tests.VerifyGroupLedgerMasterPage" name="verifyDuplicateGroupLedger" time="0.0">
    <ignored/>
  </testcase> <!-- verifyDuplicateGroupLedger -->
  <testcase classname="Entab.ERP.Tests.VerifyGroupLedgerMasterPage" name="verifyUpdateGroupLedger" time="0.0">
    <ignored/>
  </testcase> <!-- verifyUpdateGroupLedger -->
</testsuite> <!-- Default test -->
