<?xml version="1.0" encoding="UTF-8"?>
<!-- Generated by org.testng.reporters.JUnitXMLReporter -->
<testsuite ignored="0" hostname="Entab-LM16" failures="0" tests="9" name="Default test" time="104.952" errors="0" timestamp="2026-04-02T12:57:54 IST">
  <testcase classname="Entab.ERP.Tests.VerifyGroupLedgerMasterPage" name="verifyGroupLedgerMasterPage" time="25.081"/>
  <testcase classname="Entab.ERP.Tests.VerifyGroupLedgerMasterPage" name="verifyMandatroyFieldGroupLedger" time="8.988"/>
  <testcase classname="Entab.ERP.Tests.VerifyGroupLedgerMasterPage" name="verifyAddGroupLedger" time="8.077"/>
  <testcase classname="Entab.ERP.Tests.VerifyGroupLedgerMasterPage" name="verifyUpdateGroupLedger" time="6.342"/>
  <testcase classname="Entab.ERP.Tests.VerifyGroupLedgerMasterPage" name="verifyDuplicateGroupLedger" time="17.317"/>
  <testcase classname="Entab.ERP.Tests.VerifyGroupLedgerMasterPage" name="verifydeleteGroupLedger" time="6.62"/>
  <testcase classname="Entab.ERP.Tests.VerifyGroupLedgerMasterPage" name="verifyExportCSV" time="3.207"/>
  <testcase classname="Entab.ERP.Tests.VerifyGroupLedgerMasterPage" name="verifyExportExcel" time="2.221"/>
  <testcase classname="Entab.ERP.Tests.VerifyGroupLedgerMasterPage" name="verifyExportPdf" time="8.57"/>
</testsuite> <!-- Default test -->
