<?xml version="1.0" encoding="UTF-8"?>
<!-- Generated by org.testng.reporters.JUnitXMLReporter -->
<testsuite ignored="0" hostname="Entab-LM16" failures="0" tests="10" name="Default test" time="89.103" errors="0" timestamp="2026-01-21T15:56:58 IST">
  <testcase classname="Entab.ERP.Tests.VerifyLocationMasterPage" name="verifyLocationMasterPage" time="10.662"/>
  <testcase classname="Entab.ERP.Tests.VerifyLocationMasterPage" name="verifyAddLocationMandatoryField" time="3.257"/>
  <testcase classname="Entab.ERP.Tests.VerifyLocationMasterPage" name="verifyAddNewLocationion" time="6.333"/>
  <testcase classname="Entab.ERP.Tests.VerifyLocationMasterPage" name="verifyUpdateLocationPage" time="6.918"/>
  <testcase classname="Entab.ERP.Tests.VerifyLocationMasterPage" name="verifyUpdateLocation" time="6.417"/>
  <testcase classname="Entab.ERP.Tests.VerifyLocationMasterPage" name="verifyDuplicateLocationName" time="7.883"/>
  <testcase classname="Entab.ERP.Tests.VerifyLocationMasterPage" name="verifyDeleteLocation" time="5.359"/>
  <testcase classname="Entab.ERP.Tests.VerifyLocationMasterPage" name="verifyDetetedUsedLocation" time="10.846"/>
  <testcase classname="Entab.ERP.Tests.VerifyLocationMasterPage" name="verifyDeactivateLocation" time="6.091"/>
  <testcase classname="Entab.ERP.Tests.VerifyLocationMasterPage" name="verifyActivateLocation" time="6.107"/>
</testsuite> <!-- Default test -->
