<?xml version="1.0" encoding="UTF-8"?>
<!-- Generated by org.testng.reporters.JUnitXMLReporter -->
<testsuite ignored="9" hostname="Entab-LM16" failures="0" tests="4" name="Default test" time="28.57" errors="0" timestamp="2026-01-21T18:10:15 IST">
  <testcase classname="Entab.ERP.Tests.VerifyLocationMasterPage" name="verifyLocationMasterPage" time="10.739"/>
  <testcase classname="Entab.ERP.Tests.VerifyLocationMasterPage" name="verifyExportCSV" time="0.266"/>
  <testcase classname="Entab.ERP.Tests.VerifyLocationMasterPage" name="verifyExportExcel" time="0.107"/>
  <testcase classname="Entab.ERP.Tests.VerifyLocationMasterPage" name="verifyExportPDF" time="0.316"/>
  <testcase classname="Entab.ERP.Tests.VerifyLocationMasterPage" name="verifyDetetedUsedLocation" time="0.0">
    <ignored/>
  </testcase> <!-- verifyDetetedUsedLocation -->
  <testcase classname="Entab.ERP.Tests.VerifyLocationMasterPage" name="verifyDuplicateLocationName" time="0.0">
    <ignored/>
  </testcase> <!-- verifyDuplicateLocationName -->
  <testcase classname="Entab.ERP.Tests.VerifyLocationMasterPage" name="verifyUpdateLocation" time="0.0">
    <ignored/>
  </testcase> <!-- verifyUpdateLocation -->
  <testcase classname="Entab.ERP.Tests.VerifyLocationMasterPage" name="verifyDeactivateLocation" time="0.0">
    <ignored/>
  </testcase> <!-- verifyDeactivateLocation -->
  <testcase classname="Entab.ERP.Tests.VerifyLocationMasterPage" name="verifyDeleteLocation" time="0.0">
    <ignored/>
  </testcase> <!-- verifyDeleteLocation -->
  <testcase classname="Entab.ERP.Tests.VerifyLocationMasterPage" name="verifyUpdateLocationPage" time="0.0">
    <ignored/>
  </testcase> <!-- verifyUpdateLocationPage -->
  <testcase classname="Entab.ERP.Tests.VerifyLocationMasterPage" name="verifyActivateLocation" time="0.0">
    <ignored/>
  </testcase> <!-- verifyActivateLocation -->
  <testcase classname="Entab.ERP.Tests.VerifyLocationMasterPage" name="verifyAddLocationMandatoryField" time="0.0">
    <ignored/>
  </testcase> <!-- verifyAddLocationMandatoryField -->
  <testcase classname="Entab.ERP.Tests.VerifyLocationMasterPage" name="verifyAddNewLocationion" time="0.0">
    <ignored/>
  </testcase> <!-- verifyAddNewLocationion -->
</testsuite> <!-- Default test -->
