<?xml version="1.0" encoding="UTF-8"?>
<!-- Generated by org.testng.reporters.JUnitXMLReporter -->
<testsuite ignored="7" hostname="Entab-LM16" failures="0" tests="3" name="Default test" time="38.871" errors="0" timestamp="2025-11-25T10:59:10 IST">
  <testcase classname="Entab.ERP.Tests.LocationMasterPageVerifcation" name="verifyLocationMasterPage" time="10.183"/>
  <testcase classname="Entab.ERP.Tests.LocationMasterPageVerifcation" name="deactivateLocationVerfication" time="6.131"/>
  <testcase classname="Entab.ERP.Tests.LocationMasterPageVerifcation" name="activateLocationVerfication" time="5.557"/>
  <testcase classname="Entab.ERP.Tests.LocationMasterPageVerifcation" name="deteteUsedLocation" time="0.0">
    <ignored/>
  </testcase> <!-- deteteUsedLocation -->
  <testcase classname="Entab.ERP.Tests.LocationMasterPageVerifcation" name="verifyAddLocationMandatoryField" time="0.0">
    <ignored/>
  </testcase> <!-- verifyAddLocationMandatoryField -->
  <testcase classname="Entab.ERP.Tests.LocationMasterPageVerifcation" name="addNewLocationVerification" time="0.0">
    <ignored/>
  </testcase> <!-- addNewLocationVerification -->
  <testcase classname="Entab.ERP.Tests.LocationMasterPageVerifcation" name="duplicateLocationVerification" time="0.0">
    <ignored/>
  </testcase> <!-- duplicateLocationVerification -->
  <testcase classname="Entab.ERP.Tests.LocationMasterPageVerifcation" name="updateLocationVerfication" time="0.0">
    <ignored/>
  </testcase> <!-- updateLocationVerfication -->
  <testcase classname="Entab.ERP.Tests.LocationMasterPageVerifcation" name="updateLocationPageVeification" time="0.0">
    <ignored/>
  </testcase> <!-- updateLocationPageVeification -->
  <testcase classname="Entab.ERP.Tests.LocationMasterPageVerifcation" name="deleteLocationVerification" time="0.0">
    <ignored/>
  </testcase> <!-- deleteLocationVerification -->
</testsuite> <!-- Default test -->
