<?xml version="1.0" encoding="UTF-8"?>
<!-- Generated by org.testng.reporters.JUnitXMLReporter -->
<testsuite ignored="0" hostname="Entab-LM16" failures="0" tests="2" name="Default test" time="23.739" errors="0" timestamp="2025-11-20T18:08:44 IST">
  <testcase classname="Entab.ERP.Tests.LocationMasterPageVerifcation" name="verifyLocationMasterPage" time="10.079"/>
  <testcase classname="Entab.ERP.Tests.LocationMasterPageVerifcation" name="verifyAddLocationMandatoryField" time="2.753"/>
</testsuite> <!-- Default test -->
