<?xml version="1.0" encoding="UTF-8"?>
<!-- Generated by org.testng.reporters.JUnitXMLReporter -->
<testsuite ignored="0" hostname="Entab-LM16" failures="0" tests="2" name="Login Page Test" time="24.362" errors="0" timestamp="2025-11-20T18:20:01 IST">
  <testcase classname="Entab.ERP.Tests.LocationMasterPageVerifcation" name="verifyLocationMasterPage" time="10.464"/>
  <testcase classname="Entab.ERP.Tests.LocationMasterPageVerifcation" name="verifyAddLocationMandatoryField" time="2.695"/>
</testsuite> <!-- Login Page Test -->
