<?xml version="1.0" encoding="UTF-8"?>
<!-- Generated by org.testng.reporters.JUnitXMLReporter -->
<testsuite ignored="1" hostname="Entab-LM16" failures="0" tests="4" name="Login Page Test" time="50.065" errors="0" timestamp="2025-11-19T18:05:33 IST">
  <testcase classname="Entab.ERP.Tests.LoginVerification" name="verifyLogin" time="7.339"/>
  <testcase classname="Entab.ERP.Tests.HomePageVerification" name="verifyLoginUserName" time="7.299"/>
  <testcase classname="Entab.ERP.Tests.HomePageVerification" name="verifyProfile" time="0.109"/>
  <testcase classname="Entab.ERP.Tests.HomePageVerification" name="verifyChangePasswordText" time="7.554"/>
  <testcase classname="Entab.ERP.TestComponents.BaseTest" name="@AfterSuite tearDown" time="0.0">
    <ignored/>
  </testcase> <!-- @AfterSuite tearDown -->
</testsuite> <!-- Login Page Test -->
