<?xml version="1.0" encoding="UTF-8"?>
<!-- Generated by org.testng.reporters.JUnitXMLReporter -->
<testsuite ignored="2" hostname="Entab-LM16" failures="0" tests="1" name="Login and Home Page Test" time="15.0" errors="0" timestamp="2025-11-19T10:14:42 IST">
  <testcase classname="Entab.ERP.Tests.LoginVerification" name="verifyLogin" time="7.37"/>
  <testcase classname="Entab.ERP.Tests.HomePageVerification" name="verifyChangePasswordText" time="0.0">
    <ignored/>
  </testcase> <!-- verifyChangePasswordText -->
  <testcase classname="Entab.ERP.TestComponents.BaseTest" name="@BeforeTest lauchApplication" time="0.0">
    <ignored/>
  </testcase> <!-- @BeforeTest lauchApplication -->
</testsuite> <!-- Login and Home Page Test -->
