<?xml version="1.0" encoding="UTF-8"?>
<!-- Generated by org.testng.reporters.JUnitXMLReporter -->
<testsuite ignored="1" hostname="Entab-LM16" failures="1" tests="22" name="Login Page Test" time="219.248" errors="0" timestamp="2026-02-24T10:02:57 IST">
  <testcase classname="Entab.ERP.TestComponents.BaseTest" name="@AfterClass logOut" time="16.101">
    <failure type="org.openqa.selenium.NoSuchElementException" message="no such element: Unable to locate element: {&amp;quot;method&amp;quot;:&amp;quot;xpath&amp;quot;,&amp;quot;selector&amp;quot;:&amp;quot;(//img[@class=&amp;apos;profileImg&amp;apos;])[1]&amp;quot;}
  (Session info: chrome=145.0.7632.109)
For documentation on this error, please visit: https://www.selenium.dev/documentation/webdriver/troubleshooting/errors#nosuchelementexception
Build info: version: &amp;apos;4.38.0&amp;apos;, revision: &amp;apos;6b412e825c*&amp;apos;
System info: os.name: &amp;apos;Windows 11&amp;apos;, os.arch: &amp;apos;amd64&amp;apos;, os.version: &amp;apos;10.0&amp;apos;, java.version: &amp;apos;17.0.17&amp;apos;
Driver info: org.openqa.selenium.chrome.ChromeDriver
Command: [6bb4920f8030219080d643940ad6afef, findElement {value=(//img[@class=&amp;apos;profileImg&amp;apos;])[1], using=xpath}]
Capabilities {acceptInsecureCerts: false, browserName: chrome, browserVersion: 145.0.7632.109, chrome: {chromedriverVersion: 145.0.7632.77 (da516187054a..., userDataDir: C:\Users\Guncha\AppData\Loc...}, fedcm:accounts: true, goog:chromeOptions: {debuggerAddress: localhost:61272}, goog:processID: 3888, networkConnectionEnabled: false, pageLoadStrategy: normal, platformName: windows, proxy: Proxy(), se:cdp: ws://localhost:61272/devtoo..., se:cdpVersion: 145.0.7632.109, setWindowRect: true, strictFileInteractability: false, timeouts: {implicit: 0, pageLoad: 300000, script: 30000}, unhandledPromptBehavior: dismiss and notify, webauthn:extension:credBlob: true, webauthn:extension:largeBlob: true, webauthn:extension:minPinLength: true, webauthn:extension:prf: true, webauthn:virtualAuthenticators: true}
Session ID: 6bb4920f8030219080d643940ad6afef">
      <![CDATA[org.openqa.selenium.NoSuchElementException: no such element: Unable to locate element: {"method":"xpath","selector":"(//img[@class='profileImg'])[1]"}
  (Session info: chrome=145.0.7632.109)
For documentation on this error, please visit: https://www.selenium.dev/documentation/webdriver/troubleshooting/errors#nosuchelementexception
Build info: version: '4.38.0', revision: '6b412e825c*'
System info: os.name: 'Windows 11', os.arch: 'amd64', os.version: '10.0', java.version: '17.0.17'
Driver info: org.openqa.selenium.chrome.ChromeDriver
Command: [6bb4920f8030219080d643940ad6afef, findElement {value=(//img[@class='profileImg'])[1], using=xpath}]
Capabilities {acceptInsecureCerts: false, browserName: chrome, browserVersion: 145.0.7632.109, chrome: {chromedriverVersion: 145.0.7632.77 (da516187054a..., userDataDir: C:\Users\Guncha\AppData\Loc...}, fedcm:accounts: true, goog:chromeOptions: {debuggerAddress: localhost:61272}, goog:processID: 3888, networkConnectionEnabled: false, pageLoadStrategy: normal, platformName: windows, proxy: Proxy(), se:cdp: ws://localhost:61272/devtoo..., se:cdpVersion: 145.0.7632.109, setWindowRect: true, strictFileInteractability: false, timeouts: {implicit: 0, pageLoad: 300000, script: 30000}, unhandledPromptBehavior: dismiss and notify, webauthn:extension:credBlob: true, webauthn:extension:largeBlob: true, webauthn:extension:minPinLength: true, webauthn:extension:prf: true, webauthn:virtualAuthenticators: true}
Session ID: 6bb4920f8030219080d643940ad6afef
at org.openqa.selenium.remote.ErrorCodec.decode(ErrorCodec.java:167)
at org.openqa.selenium.remote.codec.w3c.W3CHttpResponseCodec.decode(W3CHttpResponseCodec.java:138)
at org.openqa.selenium.remote.codec.w3c.W3CHttpResponseCodec.decode(W3CHttpResponseCodec.java:50)
at org.openqa.selenium.remote.HttpCommandExecutor.execute(HttpCommandExecutor.java:215)
at org.openqa.selenium.remote.service.DriverCommandExecutor.invokeExecute(DriverCommandExecutor.java:216)
at org.openqa.selenium.remote.service.DriverCommandExecutor.execute(DriverCommandExecutor.java:174)
at org.openqa.selenium.remote.RemoteWebDriver.execute(RemoteWebDriver.java:557)
at org.openqa.selenium.remote.ElementLocation$ElementFinder$2.findElement(ElementLocation.java:165)
at org.openqa.selenium.remote.ElementLocation.findElement(ElementLocation.java:59)
at org.openqa.selenium.remote.RemoteWebDriver.findElement(RemoteWebDriver.java:380)
at org.openqa.selenium.remote.RemoteWebDriver.findElement(RemoteWebDriver.java:374)
at org.openqa.selenium.support.pagefactory.DefaultElementLocator.findElement(DefaultElementLocator.java:68)
at org.openqa.selenium.support.pagefactory.internal.LocatingElementHandler.invoke(LocatingElementHandler.java:38)
at jdk.proxy2/jdk.proxy2.$Proxy15.click(Unknown Source)
at Entab.ERP.Pages.HomePage.logOut(HomePage.java:85)
at Entab.ERP.TestComponents.BaseTest.logOut(BaseTest.java:87)
at java.base/java.util.ArrayList.forEach(ArrayList.java:1511)
... Removed 31 stack frames]]>
    </failure>
  </testcase> <!-- @AfterClass logOut -->
  <testcase classname="Entab.ERP.Tests.VerifyLocationMasterPage" name="verifyLocationMasterPage" time="12.008"/>
  <testcase classname="Entab.ERP.Tests.VerifyLocationMasterPage" name="verifyAddLocationMandatoryField" time="3.796"/>
  <testcase classname="Entab.ERP.Tests.VerifyLocationMasterPage" name="verifyAddNewLocationion" time="6.381"/>
  <testcase classname="Entab.ERP.Tests.VerifyLocationMasterPage" name="verifyUpdateLocationPage" time="6.88"/>
  <testcase classname="Entab.ERP.Tests.VerifyLocationMasterPage" name="verifyUpdateLocation" time="7.014"/>
  <testcase classname="Entab.ERP.Tests.VerifyLocationMasterPage" name="verifyDuplicateLocationName" time="7.225"/>
  <testcase classname="Entab.ERP.Tests.VerifyLocationMasterPage" name="verifyDeleteLocation" time="5.39"/>
  <testcase classname="Entab.ERP.Tests.VerifyLocationMasterPage" name="verifyDetetedUsedLocation" time="11.139"/>
  <testcase classname="Entab.ERP.Tests.VerifyLocationMasterPage" name="verifyDeactivateLocation" time="5.766"/>
  <testcase classname="Entab.ERP.Tests.VerifyLocationMasterPage" name="verifyActivateLocation" time="6.099"/>
  <testcase classname="Entab.ERP.Tests.VerifyLocationMasterPage" name="verifyExportCSV" time="1.144"/>
  <testcase classname="Entab.ERP.Tests.VerifyLocationMasterPage" name="verifyExportExcel" time="1.094"/>
  <testcase classname="Entab.ERP.Tests.VerifyLocationMasterPage" name="verifyExportPDF" time="3.274"/>
  <testcase classname="Entab.ERP.Tests.VerifyGroupLedgerMasterPage" name="verifyGroupLedgerMasterPage" time="24.012"/>
  <testcase classname="Entab.ERP.Tests.VerifyGroupLedgerMasterPage" name="verifyMandatroyFieldGroupLedger" time="8.607"/>
  <testcase classname="Entab.ERP.Tests.VerifyGroupLedgerMasterPage" name="verifyAddGroupLedger" time="7.638"/>
  <testcase classname="Entab.ERP.Tests.VerifyGroupLedgerMasterPage" name="verifyUpdateGroupLedger" time="5.753"/>
  <testcase classname="Entab.ERP.Tests.VerifyGroupLedgerMasterPage" name="verifyDuplicateGroupLedger" time="16.784"/>
  <testcase classname="Entab.ERP.Tests.VerifyGroupLedgerMasterPage" name="verifydeleteGroupLedger" time="6.41"/>
  <testcase classname="Entab.ERP.Tests.VerifyGroupLedgerMasterPage" name="verifyExportCSV" time="3.144"/>
  <testcase classname="Entab.ERP.Tests.VerifyGroupLedgerMasterPage" name="verifyExportExcel" time="2.12"/>
  <testcase classname="Entab.ERP.Tests.VerifyGroupLedgerMasterPage" name="verifyExportPdf" time="24.306">
    <failure type="org.openqa.selenium.WebDriverException" message="unknown error: failed to close window in 20 seconds
  (Session info: chrome=145.0.7632.109)
Build info: version: &amp;apos;4.38.0&amp;apos;, revision: &amp;apos;6b412e825c*&amp;apos;
System info: os.name: &amp;apos;Windows 11&amp;apos;, os.arch: &amp;apos;amd64&amp;apos;, os.version: &amp;apos;10.0&amp;apos;, java.version: &amp;apos;17.0.17&amp;apos;
Driver info: org.openqa.selenium.chrome.ChromeDriver
Command: [6bb4920f8030219080d643940ad6afef, close {}]
Capabilities {acceptInsecureCerts: false, browserName: chrome, browserVersion: 145.0.7632.109, chrome: {chromedriverVersion: 145.0.7632.77 (da516187054a..., userDataDir: C:\Users\Guncha\AppData\Loc...}, fedcm:accounts: true, goog:chromeOptions: {debuggerAddress: localhost:61272}, goog:processID: 3888, networkConnectionEnabled: false, pageLoadStrategy: normal, platformName: windows, proxy: Proxy(), se:cdp: ws://localhost:61272/devtoo..., se:cdpVersion: 145.0.7632.109, setWindowRect: true, strictFileInteractability: false, timeouts: {implicit: 0, pageLoad: 300000, script: 30000}, unhandledPromptBehavior: dismiss and notify, webauthn:extension:credBlob: true, webauthn:extension:largeBlob: true, webauthn:extension:minPinLength: true, webauthn:extension:prf: true, webauthn:virtualAuthenticators: true}
Session ID: 6bb4920f8030219080d643940ad6afef">
      <![CDATA[org.openqa.selenium.WebDriverException: unknown error: failed to close window in 20 seconds
  (Session info: chrome=145.0.7632.109)
Build info: version: '4.38.0', revision: '6b412e825c*'
System info: os.name: 'Windows 11', os.arch: 'amd64', os.version: '10.0', java.version: '17.0.17'
Driver info: org.openqa.selenium.chrome.ChromeDriver
Command: [6bb4920f8030219080d643940ad6afef, close {}]
Capabilities {acceptInsecureCerts: false, browserName: chrome, browserVersion: 145.0.7632.109, chrome: {chromedriverVersion: 145.0.7632.77 (da516187054a..., userDataDir: C:\Users\Guncha\AppData\Loc...}, fedcm:accounts: true, goog:chromeOptions: {debuggerAddress: localhost:61272}, goog:processID: 3888, networkConnectionEnabled: false, pageLoadStrategy: normal, platformName: windows, proxy: Proxy(), se:cdp: ws://localhost:61272/devtoo..., se:cdpVersion: 145.0.7632.109, setWindowRect: true, strictFileInteractability: false, timeouts: {implicit: 0, pageLoad: 300000, script: 30000}, unhandledPromptBehavior: dismiss and notify, webauthn:extension:credBlob: true, webauthn:extension:largeBlob: true, webauthn:extension:minPinLength: true, webauthn:extension:prf: true, webauthn:virtualAuthenticators: true}
Session ID: 6bb4920f8030219080d643940ad6afef
at org.openqa.selenium.remote.ErrorCodec.decode(ErrorCodec.java:167)
at org.openqa.selenium.remote.codec.w3c.W3CHttpResponseCodec.decode(W3CHttpResponseCodec.java:138)
at org.openqa.selenium.remote.codec.w3c.W3CHttpResponseCodec.decode(W3CHttpResponseCodec.java:50)
at org.openqa.selenium.remote.HttpCommandExecutor.execute(HttpCommandExecutor.java:215)
at org.openqa.selenium.remote.service.DriverCommandExecutor.invokeExecute(DriverCommandExecutor.java:216)
at org.openqa.selenium.remote.service.DriverCommandExecutor.execute(DriverCommandExecutor.java:174)
at org.openqa.selenium.remote.RemoteWebDriver.execute(RemoteWebDriver.java:557)
at org.openqa.selenium.remote.RemoteWebDriver.execute(RemoteWebDriver.java:634)
at org.openqa.selenium.remote.RemoteWebDriver.execute(RemoteWebDriver.java:638)
at org.openqa.selenium.remote.RemoteWebDriver.close(RemoteWebDriver.java:430)
at Entab.ERP.Pages.GroupLedgerMasterPage.exportPdf(GroupLedgerMasterPage.java:342)
at Entab.ERP.Tests.VerifyGroupLedgerMasterPage.verifyExportPdf(VerifyGroupLedgerMasterPage.java:99)
at java.base/java.util.ArrayList.forEach(ArrayList.java:1511)
... Removed 32 stack frames]]>
    </failure>
  </testcase> <!-- verifyExportPdf -->
  <testcase classname="Entab.ERP.TestComponents.BaseTest" name="@AfterSuite tearDown" time="0.0">
    <ignored/>
  </testcase> <!-- @AfterSuite tearDown -->
</testsuite> <!-- Login Page Test -->
