<?xml version="1.0" encoding="UTF-8"?>
<!-- Generated by org.testng.reporters.JUnitXMLReporter -->
<testsuite ignored="0" hostname="Entab-LM16" failures="2" tests="10" name="Login Page Test" time="108.055" errors="0" timestamp="2025-11-24T15:44:19 IST">
  <testcase classname="Entab.ERP.Tests.LocationMasterPageVerifcation" name="verifyLocationMasterPage" time="10.28"/>
  <testcase classname="Entab.ERP.Tests.LocationMasterPageVerifcation" name="verifyAddLocationMandatoryField" time="2.873"/>
  <testcase classname="Entab.ERP.Tests.LocationMasterPageVerifcation" name="addNewLocationVerification" time="7.143"/>
  <testcase classname="Entab.ERP.Tests.LocationMasterPageVerifcation" name="updateLocationPageVeification" time="8.656"/>
  <testcase classname="Entab.ERP.Tests.LocationMasterPageVerifcation" name="updateLocationVerfication" time="6.636"/>
  <testcase classname="Entab.ERP.Tests.LocationMasterPageVerifcation" name="duplicateLocationVerification" time="7.574"/>
  <testcase classname="Entab.ERP.Tests.LocationMasterPageVerifcation" name="deleteLocationVerification" time="5.873"/>
  <testcase classname="Entab.ERP.Tests.LocationMasterPageVerifcation" name="deteteUsedLocation" time="10.506"/>
  <testcase classname="Entab.ERP.Tests.LocationMasterPageVerifcation" name="activeLocationVerfication" time="15.359">
    <failure type="java.lang.AssertionError" message="expected [true] but found [false]">
      <![CDATA[java.lang.AssertionError: expected [true] but found [false]
at Entab.ERP.Tests.LocationMasterPageVerifcation.activeLocationVerfication(LocationMasterPageVerifcation.java:115)
at java.base/java.util.ArrayList.forEach(ArrayList.java:1511)
... Removed 34 stack frames]]>
    </failure>
  </testcase> <!-- activeLocationVerfication -->
  <testcase classname="Entab.ERP.Tests.LocationMasterPageVerifcation" name="deactivateLocationVerfication" time="15.549">
    <failure type="java.lang.AssertionError" message="expected [true] but found [false]">
      <![CDATA[java.lang.AssertionError: expected [true] but found [false]
at Entab.ERP.Tests.LocationMasterPageVerifcation.deactivateLocationVerfication(LocationMasterPageVerifcation.java:139)
at java.base/java.util.ArrayList.forEach(ArrayList.java:1511)
... Removed 34 stack frames]]>
    </failure>
  </testcase> <!-- deactivateLocationVerfication -->
</testsuite> <!-- Login Page Test -->
