<?xml version="1.0" encoding="UTF-8"?>
<!-- Generated by org.testng.reporters.JUnitXMLReporter -->
<testsuite ignored="0" hostname="Entab-LM16" failures="1" tests="2" name="Login Page Test" time="36.812" errors="0" timestamp="2026-02-23T12:54:19 IST">
  <testcase classname="Entab.ERP.Tests.VerifyGroupLedgerMasterPage" name="verifyGroupLedgerMasterPage" time="18.896">
    <failure type="org.openqa.selenium.UnhandledAlertException" message="unexpected alert open: {Alert text : Error: {&amp;quot;Result&amp;quot;:&amp;quot;Failed&amp;quot;,&amp;quot;Error&amp;quot;:&amp;quot;API Key missing&amp;quot;,&amp;quot;HTTPStatusCode&amp;quot;:401,&amp;quot;Value&amp;quot;:&amp;quot;&amp;quot;,&amp;quot;UniqueID&amp;quot;:0,&amp;quot;Classes&amp;quot;:[],&amp;quot;Sections&amp;quot;:[],&amp;quot;lstData&amp;quot;:[],&amp;quot;OtherData&amp;quot;:&amp;quot;&amp;quot;}}
  (Session info: chrome=145.0.7632.109): Error: {&amp;quot;Result&amp;quot;:&amp;quot;Failed&amp;quot;,&amp;quot;Error&amp;quot;:&amp;quot;API Key missing&amp;quot;,&amp;quot;HTTPStatusCode&amp;quot;:401,&amp;quot;Value&amp;quot;:&amp;quot;&amp;quot;,&amp;quot;UniqueID&amp;quot;:0,&amp;quot;Classes&amp;quot;:[],&amp;quot;Sections&amp;quot;:[],&amp;quot;lstData&amp;quot;:[],&amp;quot;OtherData&amp;quot;:&amp;quot;&amp;quot;}
Build info: version: &amp;apos;4.38.0&amp;apos;, revision: &amp;apos;6b412e825c*&amp;apos;
System info: os.name: &amp;apos;Windows 11&amp;apos;, os.arch: &amp;apos;amd64&amp;apos;, os.version: &amp;apos;10.0&amp;apos;, java.version: &amp;apos;17.0.17&amp;apos;
Driver info: org.openqa.selenium.chrome.ChromeDriver
Command: [1396b3cefafefc210d17872de843cd66, findElement {value=//h3[text()=&amp;apos;Select Location&amp;apos;], using=xpath}]
Capabilities {acceptInsecureCerts: false, browserName: chrome, browserVersion: 145.0.7632.109, chrome: {chromedriverVersion: 145.0.7632.77 (da516187054a..., userDataDir: C:\Users\Guncha\AppData\Loc...}, fedcm:accounts: true, goog:chromeOptions: {debuggerAddress: localhost:54779}, goog:processID: 200, networkConnectionEnabled: false, pageLoadStrategy: normal, platformName: windows, proxy: Proxy(), se:cdp: ws://localhost:54779/devtoo..., se:cdpVersion: 145.0.7632.109, setWindowRect: true, strictFileInteractability: false, timeouts: {implicit: 0, pageLoad: 300000, script: 30000}, unhandledPromptBehavior: dismiss and notify, webauthn:extension:credBlob: true, webauthn:extension:largeBlob: true, webauthn:extension:minPinLength: true, webauthn:extension:prf: true, webauthn:virtualAuthenticators: true}
Session ID: 1396b3cefafefc210d17872de843cd66">
      <![CDATA[org.openqa.selenium.UnhandledAlertException: unexpected alert open: {Alert text : Error: {"Result":"Failed","Error":"API Key missing","HTTPStatusCode":401,"Value":"","UniqueID":0,"Classes":[],"Sections":[],"lstData":[],"OtherData":""}}
  (Session info: chrome=145.0.7632.109): Error: {"Result":"Failed","Error":"API Key missing","HTTPStatusCode":401,"Value":"","UniqueID":0,"Classes":[],"Sections":[],"lstData":[],"OtherData":""}
Build info: version: '4.38.0', revision: '6b412e825c*'
System info: os.name: 'Windows 11', os.arch: 'amd64', os.version: '10.0', java.version: '17.0.17'
Driver info: org.openqa.selenium.chrome.ChromeDriver
Command: [1396b3cefafefc210d17872de843cd66, findElement {value=//h3[text()='Select Location'], using=xpath}]
Capabilities {acceptInsecureCerts: false, browserName: chrome, browserVersion: 145.0.7632.109, chrome: {chromedriverVersion: 145.0.7632.77 (da516187054a..., userDataDir: C:\Users\Guncha\AppData\Loc...}, fedcm:accounts: true, goog:chromeOptions: {debuggerAddress: localhost:54779}, goog:processID: 200, networkConnectionEnabled: false, pageLoadStrategy: normal, platformName: windows, proxy: Proxy(), se:cdp: ws://localhost:54779/devtoo..., se:cdpVersion: 145.0.7632.109, setWindowRect: true, strictFileInteractability: false, timeouts: {implicit: 0, pageLoad: 300000, script: 30000}, unhandledPromptBehavior: dismiss and notify, webauthn:extension:credBlob: true, webauthn:extension:largeBlob: true, webauthn:extension:minPinLength: true, webauthn:extension:prf: true, webauthn:virtualAuthenticators: true}
Session ID: 1396b3cefafefc210d17872de843cd66
at org.openqa.selenium.remote.codec.w3c.W3CHttpResponseCodec.decode(W3CHttpResponseCodec.java:136)
at org.openqa.selenium.remote.codec.w3c.W3CHttpResponseCodec.decode(W3CHttpResponseCodec.java:50)
at org.openqa.selenium.remote.HttpCommandExecutor.execute(HttpCommandExecutor.java:215)
at org.openqa.selenium.remote.service.DriverCommandExecutor.invokeExecute(DriverCommandExecutor.java:216)
at org.openqa.selenium.remote.service.DriverCommandExecutor.execute(DriverCommandExecutor.java:174)
at org.openqa.selenium.remote.RemoteWebDriver.execute(RemoteWebDriver.java:557)
at org.openqa.selenium.remote.ElementLocation$ElementFinder$2.findElement(ElementLocation.java:165)
at org.openqa.selenium.remote.ElementLocation.findElement(ElementLocation.java:59)
at org.openqa.selenium.remote.RemoteWebDriver.findElement(RemoteWebDriver.java:380)
at org.openqa.selenium.remote.RemoteWebDriver.findElement(RemoteWebDriver.java:374)
at org.openqa.selenium.support.pagefactory.DefaultElementLocator.findElement(DefaultElementLocator.java:68)
at org.openqa.selenium.support.pagefactory.internal.LocatingElementHandler.invoke(LocatingElementHandler.java:38)
at jdk.proxy2/jdk.proxy2.$Proxy15.getText(Unknown Source)
at Entab.ERP.Pages.GroupLedgerMasterPage.openGroupLedgerMaster(GroupLedgerMasterPage.java:61)
at Entab.ERP.Tests.VerifyGroupLedgerMasterPage.verifyGroupLedgerMasterPage(VerifyGroupLedgerMasterPage.java:25)
at java.base/java.util.ArrayList.forEach(ArrayList.java:1511)
... Removed 27 stack frames]]>
    </failure>
  </testcase> <!-- verifyGroupLedgerMasterPage -->
  <testcase classname="Entab.ERP.Tests.VerifyGroupLedgerMasterPage" name="verifyMandatroyFieldGroupLedger" time="0.0">
    <skipped/>
  </testcase> <!-- verifyMandatroyFieldGroupLedger -->
</testsuite> <!-- Login Page Test -->
