<?xml version="1.0" encoding="UTF-8"?>
<!-- Generated by org.testng.reporters.JUnitXMLReporter -->
<testsuite ignored="4" hostname="Entab-LM16" failures="7" tests="27" name="Login Page Test" time="225.006" errors="0" timestamp="2026-02-25T12:06:52 IST">
  <testcase classname="Entab.ERP.TestComponents.BaseTest" name="@AfterClass logOut" time="1.145">
    <failure type="org.openqa.selenium.ElementClickInterceptedException" message="element click intercepted: Element &amp;lt;img src=&amp;quot;https://campusdocss3.s3.ap-south-1.amazonaws.com/School/ENTABI7000/EmployeePhoto/E184.jpg?X-Amz-Expires=3000&amp;amp;amp;X-Amz-Algorithm=AWS4-HMAC-SHA256&amp;amp;amp;X-Amz-Credential=AKIA23ZCLBHGPD4R2Q6G%2F20260225%2Fap-south-1%2Fs3%2Faws4_request&amp;amp;amp;X-Amz-Date=20260225T063602Z&amp;amp;amp;X-Amz-SignedHeaders=host&amp;amp;amp;X-Amz-Signature=87a7f574bc69e1c9cd3e3e87aad4b8e1f764e44045d27f82548be09b1376780d&amp;quot; class=&amp;quot;profileImg&amp;quot; alt=&amp;quot;&amp;quot; onerror=&amp;quot;this.onerror=null;this.src=&amp;apos;/Images/teacher.png&amp;apos;;&amp;quot;&amp;gt; is not clickable at point (1233, 36). Other element would receive the click: &amp;lt;div class=&amp;quot;modal-backdrop fade show&amp;quot;&amp;gt;&amp;lt;/div&amp;gt;
  (Session info: chrome=145.0.7632.110)
Build info: version: &amp;apos;4.17.0&amp;apos;, revision: &amp;apos;e52b1be057*&amp;apos;
System info: os.name: &amp;apos;Windows 11&amp;apos;, os.arch: &amp;apos;amd64&amp;apos;, os.version: &amp;apos;10.0&amp;apos;, java.version: &amp;apos;17.0.17&amp;apos;
Driver info: org.openqa.selenium.chrome.ChromeDriver
Command: [b25b31b136c562f854f75bbdba3a3c31, clickElement {id=f.90A1357580ED974A6494057A940BE490.d.6D6164B5015707A85D020ABB97E33D45.e.782}]
Capabilities {acceptInsecureCerts: false, browserName: chrome, browserVersion: 145.0.7632.110, chrome: {chromedriverVersion: 145.0.7632.117 (de4e5d6e13b..., userDataDir: C:\Users\Guncha\AppData\Loc...}, fedcm:accounts: true, goog:chromeOptions: {debuggerAddress: localhost:52882}, goog:processID: 4216, networkConnectionEnabled: false, pageLoadStrategy: normal, platformName: windows, proxy: Proxy(), se:cdp: ws://localhost:52882/devtoo..., se:cdpVersion: 145.0.7632.110, setWindowRect: true, strictFileInteractability: false, timeouts: {implicit: 0, pageLoad: 300000, script: 30000}, unhandledPromptBehavior: dismiss and notify, webauthn:extension:credBlob: true, webauthn:extension:largeBlob: true, webauthn:extension:minPinLength: true, webauthn:extension:prf: true, webauthn:virtualAuthenticators: true}
Element: [[ChromeDriver: chrome on windows (b25b31b136c562f854f75bbdba3a3c31)] -&amp;gt; xpath: (//img[@class=&amp;apos;profileImg&amp;apos;])[1]]
Session ID: b25b31b136c562f854f75bbdba3a3c31">
      <![CDATA[org.openqa.selenium.ElementClickInterceptedException: element click intercepted: Element <img src="https://campusdocss3.s3.ap-south-1.amazonaws.com/School/ENTABI7000/EmployeePhoto/E184.jpg?X-Amz-Expires=3000&amp;X-Amz-Algorithm=AWS4-HMAC-SHA256&amp;X-Amz-Credential=AKIA23ZCLBHGPD4R2Q6G%2F20260225%2Fap-south-1%2Fs3%2Faws4_request&amp;X-Amz-Date=20260225T063602Z&amp;X-Amz-SignedHeaders=host&amp;X-Amz-Signature=87a7f574bc69e1c9cd3e3e87aad4b8e1f764e44045d27f82548be09b1376780d" class="profileImg" alt="" onerror="this.onerror=null;this.src='/Images/teacher.png';"> is not clickable at point (1233, 36). Other element would receive the click: <div class="modal-backdrop fade show"></div>
  (Session info: chrome=145.0.7632.110)
Build info: version: '4.17.0', revision: 'e52b1be057*'
System info: os.name: 'Windows 11', os.arch: 'amd64', os.version: '10.0', java.version: '17.0.17'
Driver info: org.openqa.selenium.chrome.ChromeDriver
Command: [b25b31b136c562f854f75bbdba3a3c31, clickElement {id=f.90A1357580ED974A6494057A940BE490.d.6D6164B5015707A85D020ABB97E33D45.e.782}]
Capabilities {acceptInsecureCerts: false, browserName: chrome, browserVersion: 145.0.7632.110, chrome: {chromedriverVersion: 145.0.7632.117 (de4e5d6e13b..., userDataDir: C:\Users\Guncha\AppData\Loc...}, fedcm:accounts: true, goog:chromeOptions: {debuggerAddress: localhost:52882}, goog:processID: 4216, networkConnectionEnabled: false, pageLoadStrategy: normal, platformName: windows, proxy: Proxy(), se:cdp: ws://localhost:52882/devtoo..., se:cdpVersion: 145.0.7632.110, setWindowRect: true, strictFileInteractability: false, timeouts: {implicit: 0, pageLoad: 300000, script: 30000}, unhandledPromptBehavior: dismiss and notify, webauthn:extension:credBlob: true, webauthn:extension:largeBlob: true, webauthn:extension:minPinLength: true, webauthn:extension:prf: true, webauthn:virtualAuthenticators: true}
Element: [[ChromeDriver: chrome on windows (b25b31b136c562f854f75bbdba3a3c31)] -> xpath: (//img[@class='profileImg'])[1]]
Session ID: b25b31b136c562f854f75bbdba3a3c31
at org.openqa.selenium.remote.codec.w3c.W3CHttpResponseCodec.createException(W3CHttpResponseCodec.java:185)
at org.openqa.selenium.remote.codec.w3c.W3CHttpResponseCodec.decode(W3CHttpResponseCodec.java:134)
at org.openqa.selenium.remote.codec.w3c.W3CHttpResponseCodec.decode(W3CHttpResponseCodec.java:51)
at org.openqa.selenium.remote.HttpCommandExecutor.execute(HttpCommandExecutor.java:190)
at org.openqa.selenium.remote.service.DriverCommandExecutor.invokeExecute(DriverCommandExecutor.java:216)
at org.openqa.selenium.remote.service.DriverCommandExecutor.execute(DriverCommandExecutor.java:174)
at org.openqa.selenium.remote.RemoteWebDriver.execute(RemoteWebDriver.java:519)
at org.openqa.selenium.remote.RemoteWebElement.execute(RemoteWebElement.java:223)
at org.openqa.selenium.remote.RemoteWebElement.click(RemoteWebElement.java:76)
at org.openqa.selenium.support.pagefactory.internal.LocatingElementHandler.invoke(LocatingElementHandler.java:51)
at jdk.proxy2/jdk.proxy2.$Proxy15.click(Unknown Source)
at Entab.ERP.Pages.HomePage.logOut(HomePage.java:85)
at Entab.ERP.TestComponents.BaseTest.logOut(BaseTest.java:87)
at java.base/java.util.ArrayList.forEach(ArrayList.java:1511)
... Removed 34 stack frames]]>
    </failure>
  </testcase> <!-- @AfterClass logOut -->
  <testcase classname="Entab.ERP.Tests.LoginVerification" name="verifyLogin" time="3.922"/>
  <testcase classname="Entab.ERP.Tests.HomePageVerification" name="verifyLoginUserName" time="3.714"/>
  <testcase classname="Entab.ERP.Tests.HomePageVerification" name="verifyUserId" time="5.444"/>
  <testcase classname="Entab.ERP.Tests.HomePageVerification" name="verifyChangePasswordText" time="5.091"/>
  <testcase classname="Entab.ERP.Tests.VerifyChooseLocation" name="verifyChooseLocationPage" time="12.786"/>
  <testcase classname="Entab.ERP.Tests.VerifyLocationMasterPage" name="verifyLocationMasterPage" time="5.844"/>
  <testcase classname="Entab.ERP.Tests.VerifyLocationMasterPage" name="verifyAddLocationMandatoryField" time="1.468"/>
  <testcase classname="Entab.ERP.Tests.VerifyLocationMasterPage" name="verifyAddNewLocationion" time="1.867"/>
  <testcase classname="Entab.ERP.Tests.VerifyLocationMasterPage" name="verifyUpdateLocationPage" time="6.944"/>
  <testcase classname="Entab.ERP.Tests.VerifyLocationMasterPage" name="verifyUpdateLocation" time="6.835"/>
  <testcase classname="Entab.ERP.Tests.VerifyLocationMasterPage" name="verifyDuplicateLocationName" time="7.069"/>
  <testcase classname="Entab.ERP.Tests.VerifyLocationMasterPage" name="verifyDeleteLocation" time="5.875"/>
  <testcase classname="Entab.ERP.Tests.VerifyLocationMasterPage" name="verifyDetetedUsedLocation" time="16.431"/>
  <testcase classname="Entab.ERP.Tests.VerifyLocationMasterPage" name="verifyDeactivateLocation" time="6.294"/>
  <testcase classname="Entab.ERP.Tests.VerifyLocationMasterPage" name="verifyActivateLocation" time="6.177"/>
  <testcase classname="Entab.ERP.Tests.VerifyLocationMasterPage" name="verifyLocationExportCSV" time="5.193"/>
  <testcase classname="Entab.ERP.Tests.VerifyLocationMasterPage" name="verifyLocationExportExcel" time="0.099"/>
  <testcase classname="Entab.ERP.Tests.VerifyLocationMasterPage" name="verifyLocationExportPDF" time="0.339"/>
  <testcase classname="Entab.ERP.Tests.VerifyGroupLedgerMasterPage" name="verifyGroupLedgerMasterPage" time="15.765"/>
  <testcase classname="Entab.ERP.Tests.VerifyGroupLedgerMasterPage" name="verifyMandatroyFieldGroupLedger" time="0.499"/>
  <testcase classname="Entab.ERP.Tests.VerifyGroupLedgerMasterPage" name="verifyAddGroupLedger" time="1.092">
    <failure type="org.openqa.selenium.ElementClickInterceptedException" message="element click intercepted: Element &amp;lt;img src=&amp;quot;/Images/Add.png&amp;quot; alt=&amp;quot;Add&amp;quot; style=&amp;quot;width:35px; transition:0.9s;&amp;quot;&amp;gt; is not clickable at point (1031, 152). Other element would receive the click: &amp;lt;div class=&amp;quot;modal-backdrop fade show&amp;quot;&amp;gt;&amp;lt;/div&amp;gt;
  (Session info: chrome=145.0.7632.110)
Build info: version: &amp;apos;4.17.0&amp;apos;, revision: &amp;apos;e52b1be057*&amp;apos;
System info: os.name: &amp;apos;Windows 11&amp;apos;, os.arch: &amp;apos;amd64&amp;apos;, os.version: &amp;apos;10.0&amp;apos;, java.version: &amp;apos;17.0.17&amp;apos;
Driver info: org.openqa.selenium.chrome.ChromeDriver
Command: [b25b31b136c562f854f75bbdba3a3c31, clickElement {id=f.90A1357580ED974A6494057A940BE490.d.6D6164B5015707A85D020ABB97E33D45.e.754}]
Capabilities {acceptInsecureCerts: false, browserName: chrome, browserVersion: 145.0.7632.110, chrome: {chromedriverVersion: 145.0.7632.117 (de4e5d6e13b..., userDataDir: C:\Users\Guncha\AppData\Loc...}, fedcm:accounts: true, goog:chromeOptions: {debuggerAddress: localhost:52882}, goog:processID: 4216, networkConnectionEnabled: false, pageLoadStrategy: normal, platformName: windows, proxy: Proxy(), se:cdp: ws://localhost:52882/devtoo..., se:cdpVersion: 145.0.7632.110, setWindowRect: true, strictFileInteractability: false, timeouts: {implicit: 0, pageLoad: 300000, script: 30000}, unhandledPromptBehavior: dismiss and notify, webauthn:extension:credBlob: true, webauthn:extension:largeBlob: true, webauthn:extension:minPinLength: true, webauthn:extension:prf: true, webauthn:virtualAuthenticators: true}
Element: [[ChromeDriver: chrome on windows (b25b31b136c562f854f75bbdba3a3c31)] -&amp;gt; xpath: //img[@src=&amp;apos;/Images/Add.png&amp;apos;]]
Session ID: b25b31b136c562f854f75bbdba3a3c31">
      <![CDATA[org.openqa.selenium.ElementClickInterceptedException: element click intercepted: Element <img src="/Images/Add.png" alt="Add" style="width:35px; transition:0.9s;"> is not clickable at point (1031, 152). Other element would receive the click: <div class="modal-backdrop fade show"></div>
  (Session info: chrome=145.0.7632.110)
Build info: version: '4.17.0', revision: 'e52b1be057*'
System info: os.name: 'Windows 11', os.arch: 'amd64', os.version: '10.0', java.version: '17.0.17'
Driver info: org.openqa.selenium.chrome.ChromeDriver
Command: [b25b31b136c562f854f75bbdba3a3c31, clickElement {id=f.90A1357580ED974A6494057A940BE490.d.6D6164B5015707A85D020ABB97E33D45.e.754}]
Capabilities {acceptInsecureCerts: false, browserName: chrome, browserVersion: 145.0.7632.110, chrome: {chromedriverVersion: 145.0.7632.117 (de4e5d6e13b..., userDataDir: C:\Users\Guncha\AppData\Loc...}, fedcm:accounts: true, goog:chromeOptions: {debuggerAddress: localhost:52882}, goog:processID: 4216, networkConnectionEnabled: false, pageLoadStrategy: normal, platformName: windows, proxy: Proxy(), se:cdp: ws://localhost:52882/devtoo..., se:cdpVersion: 145.0.7632.110, setWindowRect: true, strictFileInteractability: false, timeouts: {implicit: 0, pageLoad: 300000, script: 30000}, unhandledPromptBehavior: dismiss and notify, webauthn:extension:credBlob: true, webauthn:extension:largeBlob: true, webauthn:extension:minPinLength: true, webauthn:extension:prf: true, webauthn:virtualAuthenticators: true}
Element: [[ChromeDriver: chrome on windows (b25b31b136c562f854f75bbdba3a3c31)] -> xpath: //img[@src='/Images/Add.png']]
Session ID: b25b31b136c562f854f75bbdba3a3c31
at org.openqa.selenium.remote.codec.w3c.W3CHttpResponseCodec.createException(W3CHttpResponseCodec.java:185)
at org.openqa.selenium.remote.codec.w3c.W3CHttpResponseCodec.decode(W3CHttpResponseCodec.java:134)
at org.openqa.selenium.remote.codec.w3c.W3CHttpResponseCodec.decode(W3CHttpResponseCodec.java:51)
at org.openqa.selenium.remote.HttpCommandExecutor.execute(HttpCommandExecutor.java:190)
at org.openqa.selenium.remote.service.DriverCommandExecutor.invokeExecute(DriverCommandExecutor.java:216)
at org.openqa.selenium.remote.service.DriverCommandExecutor.execute(DriverCommandExecutor.java:174)
at org.openqa.selenium.remote.RemoteWebDriver.execute(RemoteWebDriver.java:519)
at org.openqa.selenium.remote.RemoteWebElement.execute(RemoteWebElement.java:223)
at org.openqa.selenium.remote.RemoteWebElement.click(RemoteWebElement.java:76)
at org.openqa.selenium.support.pagefactory.internal.LocatingElementHandler.invoke(LocatingElementHandler.java:51)
at jdk.proxy2/jdk.proxy2.$Proxy15.click(Unknown Source)
at Entab.ERP.Pages.GroupLedgerMasterPage.addLedger(GroupLedgerMasterPage.java:100)
at Entab.ERP.Tests.VerifyGroupLedgerMasterPage.verifyAddGroupLedger(VerifyGroupLedgerMasterPage.java:46)
at java.base/java.util.ArrayList.forEach(ArrayList.java:1511)
... Removed 35 stack frames]]>
    </failure>
  </testcase> <!-- verifyAddGroupLedger -->
  <testcase classname="Entab.ERP.Tests.VerifyGroupLedgerMasterPage" name="verifyUpdateGroupLedger" time="10.171">
    <failure type="org.openqa.selenium.ElementNotInteractableException" message="element not interactable
  (Session info: chrome=145.0.7632.110)
Build info: version: &amp;apos;4.17.0&amp;apos;, revision: &amp;apos;e52b1be057*&amp;apos;
System info: os.name: &amp;apos;Windows 11&amp;apos;, os.arch: &amp;apos;amd64&amp;apos;, os.version: &amp;apos;10.0&amp;apos;, java.version: &amp;apos;17.0.17&amp;apos;
Driver info: org.openqa.selenium.chrome.ChromeDriver
Command: [b25b31b136c562f854f75bbdba3a3c31, sendKeysToElement {id=f.90A1357580ED974A6494057A940BE490.d.6D6164B5015707A85D020ABB97E33D45.e.756, value=[Ljava.lang.CharSequence;@2d230cff}]
Capabilities {acceptInsecureCerts: false, browserName: chrome, browserVersion: 145.0.7632.110, chrome: {chromedriverVersion: 145.0.7632.117 (de4e5d6e13b..., userDataDir: C:\Users\Guncha\AppData\Loc...}, fedcm:accounts: true, goog:chromeOptions: {debuggerAddress: localhost:52882}, goog:processID: 4216, networkConnectionEnabled: false, pageLoadStrategy: normal, platformName: windows, proxy: Proxy(), se:cdp: ws://localhost:52882/devtoo..., se:cdpVersion: 145.0.7632.110, setWindowRect: true, strictFileInteractability: false, timeouts: {implicit: 0, pageLoad: 300000, script: 30000}, unhandledPromptBehavior: dismiss and notify, webauthn:extension:credBlob: true, webauthn:extension:largeBlob: true, webauthn:extension:minPinLength: true, webauthn:extension:prf: true, webauthn:virtualAuthenticators: true}
Element: [[ChromeDriver: chrome on windows (b25b31b136c562f854f75bbdba3a3c31)] -&amp;gt; xpath: //input[@type=&amp;apos;search&amp;apos;]]
Session ID: b25b31b136c562f854f75bbdba3a3c31">
      <![CDATA[org.openqa.selenium.ElementNotInteractableException: element not interactable
  (Session info: chrome=145.0.7632.110)
Build info: version: '4.17.0', revision: 'e52b1be057*'
System info: os.name: 'Windows 11', os.arch: 'amd64', os.version: '10.0', java.version: '17.0.17'
Driver info: org.openqa.selenium.chrome.ChromeDriver
Command: [b25b31b136c562f854f75bbdba3a3c31, sendKeysToElement {id=f.90A1357580ED974A6494057A940BE490.d.6D6164B5015707A85D020ABB97E33D45.e.756, value=[Ljava.lang.CharSequence;@2d230cff}]
Capabilities {acceptInsecureCerts: false, browserName: chrome, browserVersion: 145.0.7632.110, chrome: {chromedriverVersion: 145.0.7632.117 (de4e5d6e13b..., userDataDir: C:\Users\Guncha\AppData\Loc...}, fedcm:accounts: true, goog:chromeOptions: {debuggerAddress: localhost:52882}, goog:processID: 4216, networkConnectionEnabled: false, pageLoadStrategy: normal, platformName: windows, proxy: Proxy(), se:cdp: ws://localhost:52882/devtoo..., se:cdpVersion: 145.0.7632.110, setWindowRect: true, strictFileInteractability: false, timeouts: {implicit: 0, pageLoad: 300000, script: 30000}, unhandledPromptBehavior: dismiss and notify, webauthn:extension:credBlob: true, webauthn:extension:largeBlob: true, webauthn:extension:minPinLength: true, webauthn:extension:prf: true, webauthn:virtualAuthenticators: true}
Element: [[ChromeDriver: chrome on windows (b25b31b136c562f854f75bbdba3a3c31)] -> xpath: //input[@type='search']]
Session ID: b25b31b136c562f854f75bbdba3a3c31
at org.openqa.selenium.remote.codec.w3c.W3CHttpResponseCodec.createException(W3CHttpResponseCodec.java:185)
at org.openqa.selenium.remote.codec.w3c.W3CHttpResponseCodec.decode(W3CHttpResponseCodec.java:134)
at org.openqa.selenium.remote.codec.w3c.W3CHttpResponseCodec.decode(W3CHttpResponseCodec.java:51)
at org.openqa.selenium.remote.HttpCommandExecutor.execute(HttpCommandExecutor.java:190)
at org.openqa.selenium.remote.service.DriverCommandExecutor.invokeExecute(DriverCommandExecutor.java:216)
at org.openqa.selenium.remote.service.DriverCommandExecutor.execute(DriverCommandExecutor.java:174)
at org.openqa.selenium.remote.RemoteWebDriver.execute(RemoteWebDriver.java:519)
at org.openqa.selenium.remote.RemoteWebElement.execute(RemoteWebElement.java:223)
at org.openqa.selenium.remote.RemoteWebElement.sendKeys(RemoteWebElement.java:110)
at org.openqa.selenium.support.pagefactory.internal.LocatingElementHandler.invoke(LocatingElementHandler.java:51)
at jdk.proxy2/jdk.proxy2.$Proxy15.sendKeys(Unknown Source)
at Entab.ERP.Pages.GroupLedgerMasterPage.updateLedger(GroupLedgerMasterPage.java:144)
at Entab.ERP.Tests.VerifyGroupLedgerMasterPage.verifyUpdateGroupLedger(VerifyGroupLedgerMasterPage.java:56)
at java.base/java.util.ArrayList.forEach(ArrayList.java:1511)
... Removed 35 stack frames]]>
    </failure>
  </testcase> <!-- verifyUpdateGroupLedger -->
  <testcase classname="Entab.ERP.Tests.VerifyGroupLedgerMasterPage" name="verifyDuplicateGroupLedger" time="11.089">
    <failure type="org.openqa.selenium.ElementClickInterceptedException" message="element click intercepted: Element &amp;lt;img src=&amp;quot;/Images/Add.png&amp;quot; alt=&amp;quot;Add&amp;quot; style=&amp;quot;width:35px; transition:0.9s;&amp;quot;&amp;gt; is not clickable at point (1031, 152). Other element would receive the click: &amp;lt;div class=&amp;quot;modal-backdrop fade show&amp;quot;&amp;gt;&amp;lt;/div&amp;gt;
  (Session info: chrome=145.0.7632.110)
Build info: version: &amp;apos;4.17.0&amp;apos;, revision: &amp;apos;e52b1be057*&amp;apos;
System info: os.name: &amp;apos;Windows 11&amp;apos;, os.arch: &amp;apos;amd64&amp;apos;, os.version: &amp;apos;10.0&amp;apos;, java.version: &amp;apos;17.0.17&amp;apos;
Driver info: org.openqa.selenium.chrome.ChromeDriver
Command: [b25b31b136c562f854f75bbdba3a3c31, clickElement {id=f.90A1357580ED974A6494057A940BE490.d.6D6164B5015707A85D020ABB97E33D45.e.754}]
Capabilities {acceptInsecureCerts: false, browserName: chrome, browserVersion: 145.0.7632.110, chrome: {chromedriverVersion: 145.0.7632.117 (de4e5d6e13b..., userDataDir: C:\Users\Guncha\AppData\Loc...}, fedcm:accounts: true, goog:chromeOptions: {debuggerAddress: localhost:52882}, goog:processID: 4216, networkConnectionEnabled: false, pageLoadStrategy: normal, platformName: windows, proxy: Proxy(), se:cdp: ws://localhost:52882/devtoo..., se:cdpVersion: 145.0.7632.110, setWindowRect: true, strictFileInteractability: false, timeouts: {implicit: 0, pageLoad: 300000, script: 30000}, unhandledPromptBehavior: dismiss and notify, webauthn:extension:credBlob: true, webauthn:extension:largeBlob: true, webauthn:extension:minPinLength: true, webauthn:extension:prf: true, webauthn:virtualAuthenticators: true}
Element: [[ChromeDriver: chrome on windows (b25b31b136c562f854f75bbdba3a3c31)] -&amp;gt; xpath: //img[@src=&amp;apos;/Images/Add.png&amp;apos;]]
Session ID: b25b31b136c562f854f75bbdba3a3c31">
      <![CDATA[org.openqa.selenium.ElementClickInterceptedException: element click intercepted: Element <img src="/Images/Add.png" alt="Add" style="width:35px; transition:0.9s;"> is not clickable at point (1031, 152). Other element would receive the click: <div class="modal-backdrop fade show"></div>
  (Session info: chrome=145.0.7632.110)
Build info: version: '4.17.0', revision: 'e52b1be057*'
System info: os.name: 'Windows 11', os.arch: 'amd64', os.version: '10.0', java.version: '17.0.17'
Driver info: org.openqa.selenium.chrome.ChromeDriver
Command: [b25b31b136c562f854f75bbdba3a3c31, clickElement {id=f.90A1357580ED974A6494057A940BE490.d.6D6164B5015707A85D020ABB97E33D45.e.754}]
Capabilities {acceptInsecureCerts: false, browserName: chrome, browserVersion: 145.0.7632.110, chrome: {chromedriverVersion: 145.0.7632.117 (de4e5d6e13b..., userDataDir: C:\Users\Guncha\AppData\Loc...}, fedcm:accounts: true, goog:chromeOptions: {debuggerAddress: localhost:52882}, goog:processID: 4216, networkConnectionEnabled: false, pageLoadStrategy: normal, platformName: windows, proxy: Proxy(), se:cdp: ws://localhost:52882/devtoo..., se:cdpVersion: 145.0.7632.110, setWindowRect: true, strictFileInteractability: false, timeouts: {implicit: 0, pageLoad: 300000, script: 30000}, unhandledPromptBehavior: dismiss and notify, webauthn:extension:credBlob: true, webauthn:extension:largeBlob: true, webauthn:extension:minPinLength: true, webauthn:extension:prf: true, webauthn:virtualAuthenticators: true}
Element: [[ChromeDriver: chrome on windows (b25b31b136c562f854f75bbdba3a3c31)] -> xpath: //img[@src='/Images/Add.png']]
Session ID: b25b31b136c562f854f75bbdba3a3c31
at org.openqa.selenium.remote.codec.w3c.W3CHttpResponseCodec.createException(W3CHttpResponseCodec.java:185)
at org.openqa.selenium.remote.codec.w3c.W3CHttpResponseCodec.decode(W3CHttpResponseCodec.java:134)
at org.openqa.selenium.remote.codec.w3c.W3CHttpResponseCodec.decode(W3CHttpResponseCodec.java:51)
at org.openqa.selenium.remote.HttpCommandExecutor.execute(HttpCommandExecutor.java:190)
at org.openqa.selenium.remote.service.DriverCommandExecutor.invokeExecute(DriverCommandExecutor.java:216)
at org.openqa.selenium.remote.service.DriverCommandExecutor.execute(DriverCommandExecutor.java:174)
at org.openqa.selenium.remote.RemoteWebDriver.execute(RemoteWebDriver.java:519)
at org.openqa.selenium.remote.RemoteWebElement.execute(RemoteWebElement.java:223)
at org.openqa.selenium.remote.RemoteWebElement.click(RemoteWebElement.java:76)
at org.openqa.selenium.support.pagefactory.internal.LocatingElementHandler.invoke(LocatingElementHandler.java:51)
at jdk.proxy2/jdk.proxy2.$Proxy15.click(Unknown Source)
at Entab.ERP.Pages.GroupLedgerMasterPage.addDuplicateLedger(GroupLedgerMasterPage.java:166)
at Entab.ERP.Tests.VerifyGroupLedgerMasterPage.verifyDuplicateGroupLedger(VerifyGroupLedgerMasterPage.java:65)
at java.base/java.util.ArrayList.forEach(ArrayList.java:1511)
... Removed 35 stack frames]]>
    </failure>
  </testcase> <!-- verifyDuplicateGroupLedger -->
  <testcase classname="Entab.ERP.Tests.VerifyGroupLedgerMasterPage" name="verifydeleteGroupLedger" time="11.175">
    <failure type="org.openqa.selenium.ElementClickInterceptedException" message="element click intercepted: Element &amp;lt;i class=&amp;quot;fa fa-trash e-lib e-btn e-control e-flat e-icon-btn e-edit-delete e-editbutton e-delete&amp;quot; aria-hidden=&amp;quot;true&amp;quot; title=&amp;quot;Delete&amp;quot; onclick=&amp;quot;Delete(8)&amp;quot; style=&amp;quot;color: white; background-color:red; cursor: pointer; font-size:15px;&amp;quot;&amp;gt;&amp;lt;/i&amp;gt; is not clickable at point (1075, 290). Other element would receive the click: &amp;lt;div class=&amp;quot;modal-backdrop fade show&amp;quot;&amp;gt;&amp;lt;/div&amp;gt;
  (Session info: chrome=145.0.7632.110)
Build info: version: &amp;apos;4.17.0&amp;apos;, revision: &amp;apos;e52b1be057*&amp;apos;
System info: os.name: &amp;apos;Windows 11&amp;apos;, os.arch: &amp;apos;amd64&amp;apos;, os.version: &amp;apos;10.0&amp;apos;, java.version: &amp;apos;17.0.17&amp;apos;
Driver info: org.openqa.selenium.chrome.ChromeDriver
Command: [b25b31b136c562f854f75bbdba3a3c31, clickElement {id=f.90A1357580ED974A6494057A940BE490.d.6D6164B5015707A85D020ABB97E33D45.e.777}]
Capabilities {acceptInsecureCerts: false, browserName: chrome, browserVersion: 145.0.7632.110, chrome: {chromedriverVersion: 145.0.7632.117 (de4e5d6e13b..., userDataDir: C:\Users\Guncha\AppData\Loc...}, fedcm:accounts: true, goog:chromeOptions: {debuggerAddress: localhost:52882}, goog:processID: 4216, networkConnectionEnabled: false, pageLoadStrategy: normal, platformName: windows, proxy: Proxy(), se:cdp: ws://localhost:52882/devtoo..., se:cdpVersion: 145.0.7632.110, setWindowRect: true, strictFileInteractability: false, timeouts: {implicit: 0, pageLoad: 300000, script: 30000}, unhandledPromptBehavior: dismiss and notify, webauthn:extension:credBlob: true, webauthn:extension:largeBlob: true, webauthn:extension:minPinLength: true, webauthn:extension:prf: true, webauthn:virtualAuthenticators: true}
Element: [[ChromeDriver: chrome on windows (b25b31b136c562f854f75bbdba3a3c31)] -&amp;gt; xpath: //i[@title=&amp;apos;Delete&amp;apos;]]
Session ID: b25b31b136c562f854f75bbdba3a3c31">
      <![CDATA[org.openqa.selenium.ElementClickInterceptedException: element click intercepted: Element <i class="fa fa-trash e-lib e-btn e-control e-flat e-icon-btn e-edit-delete e-editbutton e-delete" aria-hidden="true" title="Delete" onclick="Delete(8)" style="color: white; background-color:red; cursor: pointer; font-size:15px;"></i> is not clickable at point (1075, 290). Other element would receive the click: <div class="modal-backdrop fade show"></div>
  (Session info: chrome=145.0.7632.110)
Build info: version: '4.17.0', revision: 'e52b1be057*'
System info: os.name: 'Windows 11', os.arch: 'amd64', os.version: '10.0', java.version: '17.0.17'
Driver info: org.openqa.selenium.chrome.ChromeDriver
Command: [b25b31b136c562f854f75bbdba3a3c31, clickElement {id=f.90A1357580ED974A6494057A940BE490.d.6D6164B5015707A85D020ABB97E33D45.e.777}]
Capabilities {acceptInsecureCerts: false, browserName: chrome, browserVersion: 145.0.7632.110, chrome: {chromedriverVersion: 145.0.7632.117 (de4e5d6e13b..., userDataDir: C:\Users\Guncha\AppData\Loc...}, fedcm:accounts: true, goog:chromeOptions: {debuggerAddress: localhost:52882}, goog:processID: 4216, networkConnectionEnabled: false, pageLoadStrategy: normal, platformName: windows, proxy: Proxy(), se:cdp: ws://localhost:52882/devtoo..., se:cdpVersion: 145.0.7632.110, setWindowRect: true, strictFileInteractability: false, timeouts: {implicit: 0, pageLoad: 300000, script: 30000}, unhandledPromptBehavior: dismiss and notify, webauthn:extension:credBlob: true, webauthn:extension:largeBlob: true, webauthn:extension:minPinLength: true, webauthn:extension:prf: true, webauthn:virtualAuthenticators: true}
Element: [[ChromeDriver: chrome on windows (b25b31b136c562f854f75bbdba3a3c31)] -> xpath: //i[@title='Delete']]
Session ID: b25b31b136c562f854f75bbdba3a3c31
at org.openqa.selenium.remote.codec.w3c.W3CHttpResponseCodec.createException(W3CHttpResponseCodec.java:185)
at org.openqa.selenium.remote.codec.w3c.W3CHttpResponseCodec.decode(W3CHttpResponseCodec.java:134)
at org.openqa.selenium.remote.codec.w3c.W3CHttpResponseCodec.decode(W3CHttpResponseCodec.java:51)
at org.openqa.selenium.remote.HttpCommandExecutor.execute(HttpCommandExecutor.java:190)
at org.openqa.selenium.remote.service.DriverCommandExecutor.invokeExecute(DriverCommandExecutor.java:216)
at org.openqa.selenium.remote.service.DriverCommandExecutor.execute(DriverCommandExecutor.java:174)
at org.openqa.selenium.remote.RemoteWebDriver.execute(RemoteWebDriver.java:519)
at org.openqa.selenium.remote.RemoteWebElement.execute(RemoteWebElement.java:223)
at org.openqa.selenium.remote.RemoteWebElement.click(RemoteWebElement.java:76)
at org.openqa.selenium.support.pagefactory.internal.LocatingElementHandler.invoke(LocatingElementHandler.java:51)
at jdk.proxy2/jdk.proxy2.$Proxy15.click(Unknown Source)
at Entab.ERP.Pages.GroupLedgerMasterPage.deleteLedger(GroupLedgerMasterPage.java:203)
at Entab.ERP.Tests.VerifyGroupLedgerMasterPage.verifydeleteGroupLedger(VerifyGroupLedgerMasterPage.java:75)
at java.base/java.util.ArrayList.forEach(ArrayList.java:1511)
... Removed 35 stack frames]]>
    </failure>
  </testcase> <!-- verifydeleteGroupLedger -->
  <testcase classname="Entab.ERP.Tests.VerifyGroupLedgerMasterPage" name="verifyLedgerExportCSV" time="11.149">
    <failure type="org.openqa.selenium.ElementClickInterceptedException" message="element click intercepted: Element &amp;lt;button class=&amp;quot;dt-button buttons-csv buttons-html5&amp;quot; tabindex=&amp;quot;0&amp;quot; aria-controls=&amp;quot;myTable&amp;quot; type=&amp;quot;button&amp;quot; title=&amp;quot;CSV&amp;quot;&amp;gt;...&amp;lt;/button&amp;gt; is not clickable at point (329, 212). Other element would receive the click: &amp;lt;div class=&amp;quot;modal fade show&amp;quot; id=&amp;quot;groupLadgerModal&amp;quot; tabindex=&amp;quot;-1&amp;quot; aria-labelledby=&amp;quot;groupLadgerLabel&amp;quot; aria-modal=&amp;quot;true&amp;quot; style=&amp;quot;padding-right: 15px; display: block;&amp;quot;&amp;gt;...&amp;lt;/div&amp;gt;
  (Session info: chrome=145.0.7632.110)
Build info: version: &amp;apos;4.17.0&amp;apos;, revision: &amp;apos;e52b1be057*&amp;apos;
System info: os.name: &amp;apos;Windows 11&amp;apos;, os.arch: &amp;apos;amd64&amp;apos;, os.version: &amp;apos;10.0&amp;apos;, java.version: &amp;apos;17.0.17&amp;apos;
Driver info: org.openqa.selenium.chrome.ChromeDriver
Command: [b25b31b136c562f854f75bbdba3a3c31, clickElement {id=f.90A1357580ED974A6494057A940BE490.d.6D6164B5015707A85D020ABB97E33D45.e.778}]
Capabilities {acceptInsecureCerts: false, browserName: chrome, browserVersion: 145.0.7632.110, chrome: {chromedriverVersion: 145.0.7632.117 (de4e5d6e13b..., userDataDir: C:\Users\Guncha\AppData\Loc...}, fedcm:accounts: true, goog:chromeOptions: {debuggerAddress: localhost:52882}, goog:processID: 4216, networkConnectionEnabled: false, pageLoadStrategy: normal, platformName: windows, proxy: Proxy(), se:cdp: ws://localhost:52882/devtoo..., se:cdpVersion: 145.0.7632.110, setWindowRect: true, strictFileInteractability: false, timeouts: {implicit: 0, pageLoad: 300000, script: 30000}, unhandledPromptBehavior: dismiss and notify, webauthn:extension:credBlob: true, webauthn:extension:largeBlob: true, webauthn:extension:minPinLength: true, webauthn:extension:prf: true, webauthn:virtualAuthenticators: true}
Element: [[ChromeDriver: chrome on windows (b25b31b136c562f854f75bbdba3a3c31)] -&amp;gt; xpath: //button[@class=&amp;apos;dt-button buttons-csv buttons-html5&amp;apos;]]
Session ID: b25b31b136c562f854f75bbdba3a3c31">
      <![CDATA[org.openqa.selenium.ElementClickInterceptedException: element click intercepted: Element <button class="dt-button buttons-csv buttons-html5" tabindex="0" aria-controls="myTable" type="button" title="CSV">...</button> is not clickable at point (329, 212). Other element would receive the click: <div class="modal fade show" id="groupLadgerModal" tabindex="-1" aria-labelledby="groupLadgerLabel" aria-modal="true" style="padding-right: 15px; display: block;">...</div>
  (Session info: chrome=145.0.7632.110)
Build info: version: '4.17.0', revision: 'e52b1be057*'
System info: os.name: 'Windows 11', os.arch: 'amd64', os.version: '10.0', java.version: '17.0.17'
Driver info: org.openqa.selenium.chrome.ChromeDriver
Command: [b25b31b136c562f854f75bbdba3a3c31, clickElement {id=f.90A1357580ED974A6494057A940BE490.d.6D6164B5015707A85D020ABB97E33D45.e.778}]
Capabilities {acceptInsecureCerts: false, browserName: chrome, browserVersion: 145.0.7632.110, chrome: {chromedriverVersion: 145.0.7632.117 (de4e5d6e13b..., userDataDir: C:\Users\Guncha\AppData\Loc...}, fedcm:accounts: true, goog:chromeOptions: {debuggerAddress: localhost:52882}, goog:processID: 4216, networkConnectionEnabled: false, pageLoadStrategy: normal, platformName: windows, proxy: Proxy(), se:cdp: ws://localhost:52882/devtoo..., se:cdpVersion: 145.0.7632.110, setWindowRect: true, strictFileInteractability: false, timeouts: {implicit: 0, pageLoad: 300000, script: 30000}, unhandledPromptBehavior: dismiss and notify, webauthn:extension:credBlob: true, webauthn:extension:largeBlob: true, webauthn:extension:minPinLength: true, webauthn:extension:prf: true, webauthn:virtualAuthenticators: true}
Element: [[ChromeDriver: chrome on windows (b25b31b136c562f854f75bbdba3a3c31)] -> xpath: //button[@class='dt-button buttons-csv buttons-html5']]
Session ID: b25b31b136c562f854f75bbdba3a3c31
at org.openqa.selenium.remote.codec.w3c.W3CHttpResponseCodec.createException(W3CHttpResponseCodec.java:185)
at org.openqa.selenium.remote.codec.w3c.W3CHttpResponseCodec.decode(W3CHttpResponseCodec.java:134)
at org.openqa.selenium.remote.codec.w3c.W3CHttpResponseCodec.decode(W3CHttpResponseCodec.java:51)
at org.openqa.selenium.remote.HttpCommandExecutor.execute(HttpCommandExecutor.java:190)
at org.openqa.selenium.remote.service.DriverCommandExecutor.invokeExecute(DriverCommandExecutor.java:216)
at org.openqa.selenium.remote.service.DriverCommandExecutor.execute(DriverCommandExecutor.java:174)
at org.openqa.selenium.remote.RemoteWebDriver.execute(RemoteWebDriver.java:519)
at org.openqa.selenium.remote.RemoteWebElement.execute(RemoteWebElement.java:223)
at org.openqa.selenium.remote.RemoteWebElement.click(RemoteWebElement.java:76)
at org.openqa.selenium.support.pagefactory.internal.LocatingElementHandler.invoke(LocatingElementHandler.java:51)
at jdk.proxy2/jdk.proxy2.$Proxy15.click(Unknown Source)
at Entab.ERP.Pages.GroupLedgerMasterPage.exportCSV(GroupLedgerMasterPage.java:222)
at Entab.ERP.Tests.VerifyGroupLedgerMasterPage.verifyLedgerExportCSV(VerifyGroupLedgerMasterPage.java:84)
at java.base/java.util.ArrayList.forEach(ArrayList.java:1511)
... Removed 35 stack frames]]>
    </failure>
  </testcase> <!-- verifyLedgerExportCSV -->
  <testcase classname="Entab.ERP.Tests.VerifyGroupLedgerMasterPage" name="verifyLedgerExportExcel" time="1.128">
    <failure type="org.openqa.selenium.ElementClickInterceptedException" message="element click intercepted: Element &amp;lt;button class=&amp;quot;dt-button buttons-excel buttons-html5&amp;quot; tabindex=&amp;quot;0&amp;quot; aria-controls=&amp;quot;myTable&amp;quot; type=&amp;quot;button&amp;quot; title=&amp;quot;Excel&amp;quot;&amp;gt;...&amp;lt;/button&amp;gt; is not clickable at point (437, 212). Other element would receive the click: &amp;lt;div class=&amp;quot;col-12&amp;quot;&amp;gt;...&amp;lt;/div&amp;gt;
  (Session info: chrome=145.0.7632.110)
Build info: version: &amp;apos;4.17.0&amp;apos;, revision: &amp;apos;e52b1be057*&amp;apos;
System info: os.name: &amp;apos;Windows 11&amp;apos;, os.arch: &amp;apos;amd64&amp;apos;, os.version: &amp;apos;10.0&amp;apos;, java.version: &amp;apos;17.0.17&amp;apos;
Driver info: org.openqa.selenium.chrome.ChromeDriver
Command: [b25b31b136c562f854f75bbdba3a3c31, clickElement {id=f.90A1357580ED974A6494057A940BE490.d.6D6164B5015707A85D020ABB97E33D45.e.779}]
Capabilities {acceptInsecureCerts: false, browserName: chrome, browserVersion: 145.0.7632.110, chrome: {chromedriverVersion: 145.0.7632.117 (de4e5d6e13b..., userDataDir: C:\Users\Guncha\AppData\Loc...}, fedcm:accounts: true, goog:chromeOptions: {debuggerAddress: localhost:52882}, goog:processID: 4216, networkConnectionEnabled: false, pageLoadStrategy: normal, platformName: windows, proxy: Proxy(), se:cdp: ws://localhost:52882/devtoo..., se:cdpVersion: 145.0.7632.110, setWindowRect: true, strictFileInteractability: false, timeouts: {implicit: 0, pageLoad: 300000, script: 30000}, unhandledPromptBehavior: dismiss and notify, webauthn:extension:credBlob: true, webauthn:extension:largeBlob: true, webauthn:extension:minPinLength: true, webauthn:extension:prf: true, webauthn:virtualAuthenticators: true}
Element: [[ChromeDriver: chrome on windows (b25b31b136c562f854f75bbdba3a3c31)] -&amp;gt; xpath: //button[@class=&amp;apos;dt-button buttons-excel buttons-html5&amp;apos;]]
Session ID: b25b31b136c562f854f75bbdba3a3c31">
      <![CDATA[org.openqa.selenium.ElementClickInterceptedException: element click intercepted: Element <button class="dt-button buttons-excel buttons-html5" tabindex="0" aria-controls="myTable" type="button" title="Excel">...</button> is not clickable at point (437, 212). Other element would receive the click: <div class="col-12">...</div>
  (Session info: chrome=145.0.7632.110)
Build info: version: '4.17.0', revision: 'e52b1be057*'
System info: os.name: 'Windows 11', os.arch: 'amd64', os.version: '10.0', java.version: '17.0.17'
Driver info: org.openqa.selenium.chrome.ChromeDriver
Command: [b25b31b136c562f854f75bbdba3a3c31, clickElement {id=f.90A1357580ED974A6494057A940BE490.d.6D6164B5015707A85D020ABB97E33D45.e.779}]
Capabilities {acceptInsecureCerts: false, browserName: chrome, browserVersion: 145.0.7632.110, chrome: {chromedriverVersion: 145.0.7632.117 (de4e5d6e13b..., userDataDir: C:\Users\Guncha\AppData\Loc...}, fedcm:accounts: true, goog:chromeOptions: {debuggerAddress: localhost:52882}, goog:processID: 4216, networkConnectionEnabled: false, pageLoadStrategy: normal, platformName: windows, proxy: Proxy(), se:cdp: ws://localhost:52882/devtoo..., se:cdpVersion: 145.0.7632.110, setWindowRect: true, strictFileInteractability: false, timeouts: {implicit: 0, pageLoad: 300000, script: 30000}, unhandledPromptBehavior: dismiss and notify, webauthn:extension:credBlob: true, webauthn:extension:largeBlob: true, webauthn:extension:minPinLength: true, webauthn:extension:prf: true, webauthn:virtualAuthenticators: true}
Element: [[ChromeDriver: chrome on windows (b25b31b136c562f854f75bbdba3a3c31)] -> xpath: //button[@class='dt-button buttons-excel buttons-html5']]
Session ID: b25b31b136c562f854f75bbdba3a3c31
at org.openqa.selenium.remote.codec.w3c.W3CHttpResponseCodec.createException(W3CHttpResponseCodec.java:185)
at org.openqa.selenium.remote.codec.w3c.W3CHttpResponseCodec.decode(W3CHttpResponseCodec.java:134)
at org.openqa.selenium.remote.codec.w3c.W3CHttpResponseCodec.decode(W3CHttpResponseCodec.java:51)
at org.openqa.selenium.remote.HttpCommandExecutor.execute(HttpCommandExecutor.java:190)
at org.openqa.selenium.remote.service.DriverCommandExecutor.invokeExecute(DriverCommandExecutor.java:216)
at org.openqa.selenium.remote.service.DriverCommandExecutor.execute(DriverCommandExecutor.java:174)
at org.openqa.selenium.remote.RemoteWebDriver.execute(RemoteWebDriver.java:519)
at org.openqa.selenium.remote.RemoteWebElement.execute(RemoteWebElement.java:223)
at org.openqa.selenium.remote.RemoteWebElement.click(RemoteWebElement.java:76)
at org.openqa.selenium.support.pagefactory.internal.LocatingElementHandler.invoke(LocatingElementHandler.java:51)
at jdk.proxy2/jdk.proxy2.$Proxy15.click(Unknown Source)
at Entab.ERP.Pages.GroupLedgerMasterPage.exportExcel(GroupLedgerMasterPage.java:245)
at Entab.ERP.Tests.VerifyGroupLedgerMasterPage.verifyLedgerExportExcel(VerifyGroupLedgerMasterPage.java:93)
at java.base/java.util.ArrayList.forEach(ArrayList.java:1511)
... Removed 35 stack frames]]>
    </failure>
  </testcase> <!-- verifyLedgerExportExcel -->
  <testcase classname="Entab.ERP.Tests.VerifyGroupLedgerMasterPage" name="verifyLedgerExportPdf" time="1.065">
    <failure type="org.openqa.selenium.ElementClickInterceptedException" message="element click intercepted: Element &amp;lt;button class=&amp;quot;dt-button buttons-print&amp;quot; tabindex=&amp;quot;0&amp;quot; aria-controls=&amp;quot;myTable&amp;quot; type=&amp;quot;button&amp;quot; title=&amp;quot;Print&amp;quot;&amp;gt;...&amp;lt;/button&amp;gt; is not clickable at point (545, 212). Other element would receive the click: &amp;lt;div class=&amp;quot;col-12&amp;quot;&amp;gt;...&amp;lt;/div&amp;gt;
  (Session info: chrome=145.0.7632.110)
Build info: version: &amp;apos;4.17.0&amp;apos;, revision: &amp;apos;e52b1be057*&amp;apos;
System info: os.name: &amp;apos;Windows 11&amp;apos;, os.arch: &amp;apos;amd64&amp;apos;, os.version: &amp;apos;10.0&amp;apos;, java.version: &amp;apos;17.0.17&amp;apos;
Driver info: org.openqa.selenium.chrome.ChromeDriver
Command: [b25b31b136c562f854f75bbdba3a3c31, clickElement {id=f.90A1357580ED974A6494057A940BE490.d.6D6164B5015707A85D020ABB97E33D45.e.780}]
Capabilities {acceptInsecureCerts: false, browserName: chrome, browserVersion: 145.0.7632.110, chrome: {chromedriverVersion: 145.0.7632.117 (de4e5d6e13b..., userDataDir: C:\Users\Guncha\AppData\Loc...}, fedcm:accounts: true, goog:chromeOptions: {debuggerAddress: localhost:52882}, goog:processID: 4216, networkConnectionEnabled: false, pageLoadStrategy: normal, platformName: windows, proxy: Proxy(), se:cdp: ws://localhost:52882/devtoo..., se:cdpVersion: 145.0.7632.110, setWindowRect: true, strictFileInteractability: false, timeouts: {implicit: 0, pageLoad: 300000, script: 30000}, unhandledPromptBehavior: dismiss and notify, webauthn:extension:credBlob: true, webauthn:extension:largeBlob: true, webauthn:extension:minPinLength: true, webauthn:extension:prf: true, webauthn:virtualAuthenticators: true}
Element: [[ChromeDriver: chrome on windows (b25b31b136c562f854f75bbdba3a3c31)] -&amp;gt; xpath: //button[@class=&amp;apos;dt-button buttons-print&amp;apos;]]
Session ID: b25b31b136c562f854f75bbdba3a3c31">
      <![CDATA[org.openqa.selenium.ElementClickInterceptedException: element click intercepted: Element <button class="dt-button buttons-print" tabindex="0" aria-controls="myTable" type="button" title="Print">...</button> is not clickable at point (545, 212). Other element would receive the click: <div class="col-12">...</div>
  (Session info: chrome=145.0.7632.110)
Build info: version: '4.17.0', revision: 'e52b1be057*'
System info: os.name: 'Windows 11', os.arch: 'amd64', os.version: '10.0', java.version: '17.0.17'
Driver info: org.openqa.selenium.chrome.ChromeDriver
Command: [b25b31b136c562f854f75bbdba3a3c31, clickElement {id=f.90A1357580ED974A6494057A940BE490.d.6D6164B5015707A85D020ABB97E33D45.e.780}]
Capabilities {acceptInsecureCerts: false, browserName: chrome, browserVersion: 145.0.7632.110, chrome: {chromedriverVersion: 145.0.7632.117 (de4e5d6e13b..., userDataDir: C:\Users\Guncha\AppData\Loc...}, fedcm:accounts: true, goog:chromeOptions: {debuggerAddress: localhost:52882}, goog:processID: 4216, networkConnectionEnabled: false, pageLoadStrategy: normal, platformName: windows, proxy: Proxy(), se:cdp: ws://localhost:52882/devtoo..., se:cdpVersion: 145.0.7632.110, setWindowRect: true, strictFileInteractability: false, timeouts: {implicit: 0, pageLoad: 300000, script: 30000}, unhandledPromptBehavior: dismiss and notify, webauthn:extension:credBlob: true, webauthn:extension:largeBlob: true, webauthn:extension:minPinLength: true, webauthn:extension:prf: true, webauthn:virtualAuthenticators: true}
Element: [[ChromeDriver: chrome on windows (b25b31b136c562f854f75bbdba3a3c31)] -> xpath: //button[@class='dt-button buttons-print']]
Session ID: b25b31b136c562f854f75bbdba3a3c31
at org.openqa.selenium.remote.codec.w3c.W3CHttpResponseCodec.createException(W3CHttpResponseCodec.java:185)
at org.openqa.selenium.remote.codec.w3c.W3CHttpResponseCodec.decode(W3CHttpResponseCodec.java:134)
at org.openqa.selenium.remote.codec.w3c.W3CHttpResponseCodec.decode(W3CHttpResponseCodec.java:51)
at org.openqa.selenium.remote.HttpCommandExecutor.execute(HttpCommandExecutor.java:190)
at org.openqa.selenium.remote.service.DriverCommandExecutor.invokeExecute(DriverCommandExecutor.java:216)
at org.openqa.selenium.remote.service.DriverCommandExecutor.execute(DriverCommandExecutor.java:174)
at org.openqa.selenium.remote.RemoteWebDriver.execute(RemoteWebDriver.java:519)
at org.openqa.selenium.remote.RemoteWebElement.execute(RemoteWebElement.java:223)
at org.openqa.selenium.remote.RemoteWebElement.click(RemoteWebElement.java:76)
at org.openqa.selenium.support.pagefactory.internal.LocatingElementHandler.invoke(LocatingElementHandler.java:51)
at jdk.proxy2/jdk.proxy2.$Proxy15.click(Unknown Source)
at Entab.ERP.Pages.GroupLedgerMasterPage.exportPdf(GroupLedgerMasterPage.java:270)
at Entab.ERP.Tests.VerifyGroupLedgerMasterPage.verifyLedgerExportPdf(VerifyGroupLedgerMasterPage.java:102)
at java.base/java.util.ArrayList.forEach(ArrayList.java:1511)
... Removed 35 stack frames]]>
    </failure>
  </testcase> <!-- verifyLedgerExportPdf -->
  <testcase classname="Entab.ERP.TestComponents.BaseTest" name="@AfterSuite tearDown" time="0.0">
    <ignored/>
  </testcase> <!-- @AfterSuite tearDown -->
  <testcase classname="Entab.ERP.TestComponents.BaseTest" name="@AfterSuite tearDown" time="0.0">
    <ignored/>
  </testcase> <!-- @AfterSuite tearDown -->
  <testcase classname="Entab.ERP.TestComponents.BaseTest" name="@AfterSuite tearDown" time="0.0">
    <ignored/>
  </testcase> <!-- @AfterSuite tearDown -->
  <testcase classname="Entab.ERP.TestComponents.BaseTest" name="@AfterSuite tearDown" time="0.0">
    <ignored/>
  </testcase> <!-- @AfterSuite tearDown -->
</testsuite> <!-- Login Page Test -->
