<?xml version="1.0" encoding="UTF-8"?>
<!-- Generated by org.testng.reporters.JUnitXMLReporter -->
<testsuite ignored="2" hostname="Entab-LM16" failures="0" tests="1" name="Login and Home Page Test" time="7.504" errors="0" timestamp="2025-11-19T15:34:08 IST">
  <testcase classname="Entab.ERP.Tests.LoginVerification" name="verifyLogin" time="7.427"/>
  <testcase classname="Entab.ERP.TestComponents.BaseTest" name="@BeforeSuite lauchApplication" time="0.0">
    <ignored/>
  </testcase> <!-- @BeforeSuite lauchApplication -->
  <testcase classname="Entab.ERP.TestComponents.BaseTest" name="@AfterSuite logOut" time="0.0">
    <ignored/>
  </testcase> <!-- @AfterSuite logOut -->
</testsuite> <!-- Login and Home Page Test -->
