<?xml version="1.0" encoding="UTF-8"?>
<!-- Generated by org.testng.reporters.JUnitXMLReporter -->
<testsuite ignored="1" hostname="Entab-LM16" failures="0" tests="2" name="Home Page Test" time="24.378" errors="0" timestamp="2025-11-19T11:56:56 IST">
  <testcase classname="Entab.ERP.Tests.HomePageVerification" name="verifyLoginUserName" time="10.263"/>
  <testcase classname="Entab.ERP.Tests.HomePageVerification" name="verifyProfile" time="0.163"/>
  <testcase classname="Entab.ERP.Tests.HomePageVerification" name="verifyChangePasswordText" time="0.0">
    <ignored/>
  </testcase> <!-- verifyChangePasswordText -->
</testsuite> <!-- Home Page Test -->
