<?xml version="1.0" encoding="UTF-8"?>
<!-- Generated by org.testng.reporters.JUnitXMLReporter -->
<testsuite ignored="1" hostname="Entab-LM16" failures="0" tests="4" name="Login Page Test" time="48.969" errors="0" timestamp="2025-11-20T14:24:41 IST">
  <testcase classname="Entab.ERP.Tests.LoginVerification" name="verifyLogin" time="7.347"/>
  <testcase classname="Entab.ERP.Tests.HomePageVerification" name="verifyLoginUserName" time="7.352"/>
  <testcase classname="Entab.ERP.Tests.HomePageVerification" name="verifyProfile" time="0.136"/>
  <testcase classname="Entab.ERP.Tests.HomePageVerification" name="verifyChangePasswordText" time="7.527"/>
  <testcase classname="Entab.ERP.TestComponents.BaseTest" name="@AfterSuite tearDown" time="0.0">
    <ignored/>
  </testcase> <!-- @AfterSuite tearDown -->
</testsuite> <!-- Login Page Test -->
