<?xml version="1.0" encoding="UTF-8"?>
<testsuite xmlns:xsi="http://www.w3.org/2001/XMLSchema-instance" xsi:noNamespaceSchemaLocation="https://maven.apache.org/surefire/maven-surefire-plugin/xsd/surefire-test-report-3.0.xsd" version="3.0" name="TestSuite" time="49.846" tests="4" errors="0" skipped="0" failures="0">
  <properties>
[...]
</properties>
  <testcase name="verifyLogin" classname="Entab.ERP.Tests.LoginVerification" time="7.348">
    <system-out><![CDATA[Url is loaded successfully : https://dev.entab.online/entabi
Enter the registered mobile no. with school
Dashboard
Good AfterNoon !
User is logged in successfuly.
getFuncnctionlity-key : verifyLogin
]]></system-out>
    <system-err><![CDATA[SLF4J: Failed to load class "org.slf4j.impl.StaticLoggerBinder".
SLF4J: Defaulting to no-operation (NOP) logger implementation
SLF4J: See http://www.slf4j.org/codes.html#StaticLoggerBinder for further details.
]]></system-err>
  </testcase>
  <testcase name="verifyLoginUserName" classname="Entab.ERP.Tests.HomePageVerification" time="7.351">
    <system-out><![CDATA[User is logged out successfully.
Closed the browser.
Url is loaded successfully : https://dev.entab.online/entabi
Dashboard
Good AfterNoon !
Login username is : ZAHID IQBAL
getFuncnctionlity-key : verifyLoginUserName
]]></system-out>
  </testcase>
  <testcase name="verifyProfile" classname="Entab.ERP.Tests.HomePageVerification" time="0.136">
    <system-out><![CDATA[Profile
getFuncnctionlity-key : verifyProfile
]]></system-out>
  </testcase>
  <testcase name="verifyChangePasswordText" classname="Entab.ERP.Tests.HomePageVerification" time="7.529">
    <system-out><![CDATA[Change Password
getFuncnctionlity-key : verifyChangePasswordText
]]></system-out>
  </testcase>
</testsuite>