<?xml version="1.0" encoding="UTF-8"?>
<testng-results ignored="0" total="1" passed="1" failed="0" skipped="0">
  <reporter-output>
  </reporter-output>
  <suite started-at="2025-11-17T11:23:02 IST" name="Suite" finished-at="2025-11-17T11:23:22 IST" duration-ms="20034">
    <groups>
    </groups>
    <test started-at="2025-11-17T11:23:02 IST" name="Login" finished-at="2025-11-17T11:23:22 IST" duration-ms="20034">
      <class name="Entab.ERP.Tests.LoginVerification">
        <test-method is-config="true" signature="lauchApplication()[pri:0, instance:Entab.ERP.Tests.LoginVerification@3e08ff24]" started-at="2025-11-17T11:23:02 IST" name="lauchApplication" finished-at="2025-11-17T11:23:10 IST" duration-ms="8028" status="PASS">
          <reporter-output>
          </reporter-output>
        </test-method> <!-- lauchApplication -->
        <test-method signature="verifyLogin()[pri:0, instance:Entab.ERP.Tests.LoginVerification@3e08ff24]" started-at="2025-11-17T11:23:10 IST" name="verifyLogin" finished-at="2025-11-17T11:23:17 IST" duration-ms="7360" status="PASS">
          <reporter-output>
          </reporter-output>
        </test-method> <!-- verifyLogin -->
        <test-method is-config="true" signature="logOut()[pri:0, instance:Entab.ERP.Tests.LoginVerification@3e08ff24]" started-at="2025-11-17T11:23:17 IST" name="logOut" finished-at="2025-11-17T11:23:22 IST" duration-ms="4613" status="PASS">
          <reporter-output>
          </reporter-output>
        </test-method> <!-- logOut -->
      </class> <!-- Entab.ERP.Tests.LoginVerification -->
    </test> <!-- Login -->
  </suite> <!-- Suite -->
</testng-results>
