<?xml version="1.0" encoding="UTF-8"?>
<testng-results ignored="0" total="2" passed="2" failed="0" skipped="0">
  <reporter-output>
  </reporter-output>
  <suite started-at="2025-11-21T09:30:12 IST" name="Suite" finished-at="2025-11-21T09:30:38 IST" duration-ms="25599">
    <groups>
    </groups>
    <test started-at="2025-11-21T09:30:12 IST" name="Login Page Test" finished-at="2025-11-21T09:30:38 IST" duration-ms="25599">
      <class name="Entab.ERP.Tests.LocationMasterPageVerifcation">
        <test-method is-config="true" signature="lauchApplication()[pri:0, instance:Entab.ERP.Tests.LocationMasterPageVerifcation@3e08ff24]" started-at="2025-11-21T09:30:12 IST" name="lauchApplication" finished-at="2025-11-21T09:30:24 IST" duration-ms="11845" status="PASS">
          <reporter-output>
          </reporter-output>
        </test-method> <!-- lauchApplication -->
        <test-method signature="verifyLocationMasterPage()[pri:0, instance:Entab.ERP.Tests.LocationMasterPageVerifcation@3e08ff24]" started-at="2025-11-21T09:30:24 IST" name="verifyLocationMasterPage" finished-at="2025-11-21T09:30:35 IST" duration-ms="10690" status="PASS">
          <reporter-output>
          </reporter-output>
        </test-method> <!-- verifyLocationMasterPage -->
        <test-method signature="verifyAddLocationMandatoryField()[pri:0, instance:Entab.ERP.Tests.LocationMasterPageVerifcation@3e08ff24]" started-at="2025-11-21T09:30:35 IST" name="verifyAddLocationMandatoryField" finished-at="2025-11-21T09:30:38 IST" depends-on-methods="Entab.ERP.Tests.LocationMasterPageVerifcation.verifyLocationMasterPage" duration-ms="2649" status="PASS">
          <reporter-output>
          </reporter-output>
        </test-method> <!-- verifyAddLocationMandatoryField -->
        <test-method is-config="true" signature="logOut()[pri:0, instance:Entab.ERP.Tests.LocationMasterPageVerifcation@3e08ff24]" started-at="2025-11-21T09:30:38 IST" name="logOut" finished-at="2025-11-21T09:30:38 IST" duration-ms="373" status="PASS">
          <reporter-output>
          </reporter-output>
        </test-method> <!-- logOut -->
        <test-method is-config="true" signature="tearDown()[pri:0, instance:Entab.ERP.Tests.LocationMasterPageVerifcation@3e08ff24]" started-at="2025-11-21T09:30:38 IST" name="tearDown" finished-at="2025-11-21T09:30:38 IST" duration-ms="32" status="PASS">
          <reporter-output>
          </reporter-output>
        </test-method> <!-- tearDown -->
      </class> <!-- Entab.ERP.Tests.LocationMasterPageVerifcation -->
    </test> <!-- Login Page Test -->
  </suite> <!-- Suite -->
</testng-results>
