<?xml version="1.0" encoding="UTF-8"?>
<testng-results ignored="0" total="3" passed="3" failed="0" skipped="0">
  <reporter-output>
  </reporter-output>
  <suite started-at="2025-11-19T11:43:42 IST" name="Suite" finished-at="2025-11-19T11:44:05 IST" duration-ms="23274">
    <groups>
    </groups>
    <test started-at="2025-11-19T11:43:42 IST" name="Login Page Test" finished-at="2025-11-19T11:43:58 IST" duration-ms="16092">
      <class name="Entab.ERP.Tests.LoginVerification">
        <test-method is-config="true" signature="lauchApplication()[pri:0, instance:Entab.ERP.Tests.LoginVerification@231f98ef]" started-at="2025-11-19T11:43:42 IST" name="lauchApplication" finished-at="2025-11-19T11:43:50 IST" duration-ms="8132" status="PASS">
          <reporter-output>
          </reporter-output>
        </test-method> <!-- lauchApplication -->
        <test-method signature="verifyLogin()[pri:0, instance:Entab.ERP.Tests.LoginVerification@231f98ef]" started-at="2025-11-19T11:43:50 IST" name="verifyLogin" finished-at="2025-11-19T11:43:58 IST" duration-ms="7320" status="PASS">
          <reporter-output>
          </reporter-output>
        </test-method> <!-- verifyLogin -->
        <test-method is-config="true" signature="logOut()[pri:0, instance:Entab.ERP.Tests.LoginVerification@231f98ef]" started-at="2025-11-19T11:43:58 IST" name="logOut" finished-at="2025-11-19T11:43:58 IST" duration-ms="620" status="PASS">
          <reporter-output>
          </reporter-output>
        </test-method> <!-- logOut -->
      </class> <!-- Entab.ERP.Tests.LoginVerification -->
    </test> <!-- Login Page Test -->
    <test started-at="2025-11-19T11:43:42 IST" name="Home Page Test" finished-at="2025-11-19T11:44:05 IST" duration-ms="23274">
      <class name="Entab.ERP.Tests.HomePageVerification">
        <test-method is-config="true" signature="lauchApplication()[pri:0, instance:Entab.ERP.Tests.HomePageVerification@4f32a3ad]" started-at="2025-11-19T11:43:42 IST" name="lauchApplication" finished-at="2025-11-19T11:43:50 IST" duration-ms="7981" status="PASS">
          <reporter-output>
          </reporter-output>
        </test-method> <!-- lauchApplication -->
        <test-method signature="verifyLoginUserName()[pri:1, instance:Entab.ERP.Tests.HomePageVerification@4f32a3ad]" started-at="2025-11-19T11:43:50 IST" name="verifyLoginUserName" finished-at="2025-11-19T11:44:00 IST" duration-ms="9377" status="PASS">
          <reporter-output>
          </reporter-output>
        </test-method> <!-- verifyLoginUserName -->
        <test-method signature="verifyProfile()[pri:2, instance:Entab.ERP.Tests.HomePageVerification@4f32a3ad]" started-at="2025-11-19T11:44:00 IST" name="verifyProfile" finished-at="2025-11-19T11:44:00 IST" duration-ms="84" status="PASS">
          <reporter-output>
          </reporter-output>
        </test-method> <!-- verifyProfile -->
        <test-method is-config="true" signature="logOut()[pri:0, instance:Entab.ERP.Tests.HomePageVerification@4f32a3ad]" started-at="2025-11-19T11:44:00 IST" name="logOut" finished-at="2025-11-19T11:44:05 IST" duration-ms="5798" status="PASS">
          <reporter-output>
          </reporter-output>
        </test-method> <!-- logOut -->
      </class> <!-- Entab.ERP.Tests.HomePageVerification -->
    </test> <!-- Home Page Test -->
  </suite> <!-- Suite -->
</testng-results>
