<?xml version="1.0" encoding="UTF-8"?>
<testng-results ignored="0" total="4" passed="4" failed="0" skipped="0">
  <reporter-output>
  </reporter-output>
  <suite started-at="2025-11-19T16:08:51 IST" name="Suite" finished-at="2025-11-19T16:09:36 IST" duration-ms="44888">
    <groups>
    </groups>
    <test started-at="2025-11-19T16:08:51 IST" name="Login Page Test" finished-at="2025-11-19T16:09:36 IST" duration-ms="44888">
      <class name="Entab.ERP.Tests.LoginVerification">
        <test-method is-config="true" signature="lauchApplication()[pri:0, instance:Entab.ERP.Tests.LoginVerification@73194df]" started-at="2025-11-19T16:08:51 IST" name="lauchApplication" finished-at="2025-11-19T16:09:00 IST" duration-ms="9480" status="PASS">
          <reporter-output>
          </reporter-output>
        </test-method> <!-- lauchApplication -->
        <test-method signature="verifyLogin()[pri:0, instance:Entab.ERP.Tests.LoginVerification@73194df]" started-at="2025-11-19T16:09:00 IST" name="verifyLogin" finished-at="2025-11-19T16:09:08 IST" duration-ms="7411" status="PASS">
          <reporter-output>
          </reporter-output>
        </test-method> <!-- verifyLogin -->
        <test-method is-config="true" signature="logOut()[pri:0, instance:Entab.ERP.Tests.LoginVerification@73194df]" started-at="2025-11-19T16:09:08 IST" name="logOut" finished-at="2025-11-19T16:09:08 IST" duration-ms="470" status="PASS">
          <reporter-output>
          </reporter-output>
        </test-method> <!-- logOut -->
        <test-method is-config="true" signature="tearDown()[pri:0, instance:Entab.ERP.Tests.LoginVerification@73194df]" started-at="2025-11-19T16:09:36 IST" name="tearDown" finished-at="2025-11-19T16:09:36 IST" duration-ms="42" status="PASS">
          <reporter-output>
          </reporter-output>
        </test-method> <!-- tearDown -->
      </class> <!-- Entab.ERP.Tests.LoginVerification -->
      <class name="Entab.ERP.Tests.HomePageVerification">
        <test-method is-config="true" signature="lauchApplication()[pri:0, instance:Entab.ERP.Tests.HomePageVerification@1f010bf0]" started-at="2025-11-19T16:09:08 IST" name="lauchApplication" finished-at="2025-11-19T16:09:15 IST" duration-ms="6735" status="PASS">
          <reporter-output>
          </reporter-output>
        </test-method> <!-- lauchApplication -->
        <test-method signature="verifyLoginUserName()[pri:1, instance:Entab.ERP.Tests.HomePageVerification@1f010bf0]" started-at="2025-11-19T16:09:15 IST" name="verifyLoginUserName" finished-at="2025-11-19T16:09:22 IST" duration-ms="7308" status="PASS">
          <reporter-output>
          </reporter-output>
        </test-method> <!-- verifyLoginUserName -->
        <test-method signature="verifyProfile()[pri:2, instance:Entab.ERP.Tests.HomePageVerification@1f010bf0]" started-at="2025-11-19T16:09:22 IST" name="verifyProfile" finished-at="2025-11-19T16:09:22 IST" duration-ms="104" status="PASS">
          <reporter-output>
          </reporter-output>
        </test-method> <!-- verifyProfile -->
        <test-method signature="verifyChangePasswordText()[pri:3, instance:Entab.ERP.Tests.HomePageVerification@1f010bf0]" started-at="2025-11-19T16:09:22 IST" name="verifyChangePasswordText" finished-at="2025-11-19T16:09:30 IST" duration-ms="7565" status="PASS">
          <reporter-output>
          </reporter-output>
        </test-method> <!-- verifyChangePasswordText -->
        <test-method is-config="true" signature="logOut()[pri:0, instance:Entab.ERP.Tests.HomePageVerification@1f010bf0]" started-at="2025-11-19T16:09:30 IST" name="logOut" finished-at="2025-11-19T16:09:36 IST" duration-ms="5780" status="PASS">
          <reporter-output>
          </reporter-output>
        </test-method> <!-- logOut -->
      </class> <!-- Entab.ERP.Tests.HomePageVerification -->
    </test> <!-- Login Page Test -->
  </suite> <!-- Suite -->
</testng-results>
