<?xml version="1.0" encoding="UTF-8"?>
<testng-results ignored="0" total="10" passed="10" failed="0" skipped="0">
  <reporter-output>
  </reporter-output>
  <suite started-at="2025-12-01T11:19:05 IST" name="Default suite" finished-at="2025-12-01T11:20:35 IST" duration-ms="89828">
    <groups>
    </groups>
    <test started-at="2025-12-01T11:19:05 IST" name="Default test" finished-at="2025-12-01T11:20:35 IST" duration-ms="89828">
      <class name="Entab.ERP.Tests.VerifyLocationMasterPage">
        <test-method is-config="true" signature="lauchApplication()[pri:0, instance:Entab.ERP.Tests.VerifyLocationMasterPage@5d0bf09b]" started-at="2025-12-01T11:19:05 IST" name="lauchApplication" finished-at="2025-12-01T11:19:15 IST" duration-ms="10569" status="PASS">
          <reporter-output>
          </reporter-output>
        </test-method> <!-- lauchApplication -->
        <test-method signature="verifyLocationMasterPage()[pri:1, instance:Entab.ERP.Tests.VerifyLocationMasterPage@5d0bf09b]" started-at="2025-12-01T11:19:16 IST" name="verifyLocationMasterPage" finished-at="2025-12-01T11:19:26 IST" duration-ms="10206" status="PASS">
          <reporter-output>
          </reporter-output>
        </test-method> <!-- verifyLocationMasterPage -->
        <test-method signature="verifyAddLocationMandatoryField()[pri:2, instance:Entab.ERP.Tests.VerifyLocationMasterPage@5d0bf09b]" started-at="2025-12-01T11:19:26 IST" name="verifyAddLocationMandatoryField" finished-at="2025-12-01T11:19:30 IST" duration-ms="4219" status="PASS">
          <reporter-output>
          </reporter-output>
        </test-method> <!-- verifyAddLocationMandatoryField -->
        <test-method signature="verifyAddNewLocationion()[pri:3, instance:Entab.ERP.Tests.VerifyLocationMasterPage@5d0bf09b]" started-at="2025-12-01T11:19:30 IST" name="verifyAddNewLocationion" finished-at="2025-12-01T11:19:38 IST" duration-ms="7728" status="PASS">
          <reporter-output>
          </reporter-output>
        </test-method> <!-- verifyAddNewLocationion -->
        <test-method signature="verifyUpdateLocationPage()[pri:4, instance:Entab.ERP.Tests.VerifyLocationMasterPage@5d0bf09b]" started-at="2025-12-01T11:19:38 IST" name="verifyUpdateLocationPage" finished-at="2025-12-01T11:19:46 IST" duration-ms="8658" status="PASS">
          <reporter-output>
          </reporter-output>
        </test-method> <!-- verifyUpdateLocationPage -->
        <test-method signature="verifyUpdateLocation()[pri:5, instance:Entab.ERP.Tests.VerifyLocationMasterPage@5d0bf09b]" started-at="2025-12-01T11:19:46 IST" name="verifyUpdateLocation" finished-at="2025-12-01T11:19:52 IST" duration-ms="6082" status="PASS">
          <reporter-output>
          </reporter-output>
        </test-method> <!-- verifyUpdateLocation -->
        <test-method signature="verifyDuplicateLocationName()[pri:6, instance:Entab.ERP.Tests.VerifyLocationMasterPage@5d0bf09b]" started-at="2025-12-01T11:19:52 IST" name="verifyDuplicateLocationName" finished-at="2025-12-01T11:20:00 IST" duration-ms="7558" status="PASS">
          <reporter-output>
          </reporter-output>
        </test-method> <!-- verifyDuplicateLocationName -->
        <test-method signature="verifyDeleteLocation()[pri:7, instance:Entab.ERP.Tests.VerifyLocationMasterPage@5d0bf09b]" started-at="2025-12-01T11:20:00 IST" name="verifyDeleteLocation" finished-at="2025-12-01T11:20:06 IST" duration-ms="5870" status="PASS">
          <reporter-output>
          </reporter-output>
        </test-method> <!-- verifyDeleteLocation -->
        <test-method signature="verifyDetetedUsedLocation()[pri:8, instance:Entab.ERP.Tests.VerifyLocationMasterPage@5d0bf09b]" started-at="2025-12-01T11:20:06 IST" name="verifyDetetedUsedLocation" finished-at="2025-12-01T11:20:17 IST" duration-ms="10752" status="PASS">
          <reporter-output>
          </reporter-output>
        </test-method> <!-- verifyDetetedUsedLocation -->
        <test-method signature="verifyDeactivateLocation()[pri:9, instance:Entab.ERP.Tests.VerifyLocationMasterPage@5d0bf09b]" started-at="2025-12-01T11:20:17 IST" name="verifyDeactivateLocation" finished-at="2025-12-01T11:20:23 IST" duration-ms="6076" status="PASS">
          <reporter-output>
          </reporter-output>
        </test-method> <!-- verifyDeactivateLocation -->
        <test-method signature="verifyActivateLocation()[pri:10, instance:Entab.ERP.Tests.VerifyLocationMasterPage@5d0bf09b]" started-at="2025-12-01T11:20:23 IST" name="verifyActivateLocation" finished-at="2025-12-01T11:20:28 IST" duration-ms="5552" status="PASS">
          <reporter-output>
          </reporter-output>
        </test-method> <!-- verifyActivateLocation -->
        <test-method is-config="true" signature="logOut()[pri:0, instance:Entab.ERP.Tests.VerifyLocationMasterPage@5d0bf09b]" started-at="2025-12-01T11:20:28 IST" name="logOut" finished-at="2025-12-01T11:20:35 IST" duration-ms="6504" status="PASS">
          <reporter-output>
          </reporter-output>
        </test-method> <!-- logOut -->
        <test-method is-config="true" signature="tearDown()[pri:0, instance:Entab.ERP.Tests.VerifyLocationMasterPage@5d0bf09b]" started-at="2025-12-01T11:20:35 IST" name="tearDown" finished-at="2025-12-01T11:20:35 IST" duration-ms="105" status="PASS">
          <reporter-output>
          </reporter-output>
        </test-method> <!-- tearDown -->
      </class> <!-- Entab.ERP.Tests.VerifyLocationMasterPage -->
    </test> <!-- Default test -->
  </suite> <!-- Default suite -->
</testng-results>
