<?xml version="1.0" encoding="UTF-8"?>
<testng-results ignored="0" total="3" passed="2" failed="1" skipped="0">
  <reporter-output>
  </reporter-output>
  <suite started-at="2026-02-25T12:30:26 IST" name="Default suite" finished-at="2026-02-25T12:31:08 IST" duration-ms="41556">
    <groups>
    </groups>
    <test started-at="2026-02-25T12:30:26 IST" name="Default test" finished-at="2026-02-25T12:31:08 IST" duration-ms="41556">
      <class name="Entab.ERP.Tests.VerifyGroupLedgerMasterPage">
        <test-method is-config="true" signature="lauchApplication()[pri:0, instance:Entab.ERP.Tests.VerifyGroupLedgerMasterPage@5b7a5baa]" started-at="2026-02-25T12:30:26 IST" name="lauchApplication" finished-at="2026-02-25T12:30:37 IST" duration-ms="10840" status="PASS">
          <reporter-output>
          </reporter-output>
        </test-method> <!-- lauchApplication -->
        <test-method signature="verifyGroupLedgerMasterPage()[pri:1, instance:Entab.ERP.Tests.VerifyGroupLedgerMasterPage@5b7a5baa]" started-at="2026-02-25T12:30:37 IST" name="verifyGroupLedgerMasterPage" finished-at="2026-02-25T12:30:53 IST" duration-ms="16409" status="PASS">
          <reporter-output>
          </reporter-output>
        </test-method> <!-- verifyGroupLedgerMasterPage -->
        <test-method signature="verifyMandatroyFieldGroupLedger()[pri:2, instance:Entab.ERP.Tests.VerifyGroupLedgerMasterPage@5b7a5baa]" started-at="2026-02-25T12:30:53 IST" name="verifyMandatroyFieldGroupLedger" finished-at="2026-02-25T12:30:54 IST" depends-on-methods="Entab.ERP.Tests.VerifyGroupLedgerMasterPage.verifyGroupLedgerMasterPage" duration-ms="966" status="PASS">
          <reporter-output>
          </reporter-output>
        </test-method> <!-- verifyMandatroyFieldGroupLedger -->
        <test-method signature="verifyAddGroupLedger()[pri:3, instance:Entab.ERP.Tests.VerifyGroupLedgerMasterPage@5b7a5baa]" started-at="2026-02-25T12:30:54 IST" name="verifyAddGroupLedger" finished-at="2026-02-25T12:31:07 IST" duration-ms="12142" status="FAIL">
          <exception class="java.lang.AssertionError">
            <message>
              <![CDATA[Location is not added. expected [true] but found [false]]]>
            </message>
            <full-stacktrace>
              <![CDATA[java.lang.AssertionError: Location is not added. expected [true] but found [false]
at org.testng.Assert.fail(Assert.java:111)
at org.testng.Assert.failNotEquals(Assert.java:1578)
at org.testng.Assert.assertTrue(Assert.java:57)
at Entab.ERP.Tests.VerifyGroupLedgerMasterPage.verifyAddGroupLedger(VerifyGroupLedgerMasterPage.java:49)
at java.base/jdk.internal.reflect.NativeMethodAccessorImpl.invoke0(Native Method)
at java.base/jdk.internal.reflect.NativeMethodAccessorImpl.invoke(NativeMethodAccessorImpl.java:77)
at java.base/jdk.internal.reflect.DelegatingMethodAccessorImpl.invoke(DelegatingMethodAccessorImpl.java:43)
at java.base/java.lang.reflect.Method.invoke(Method.java:569)
at org.testng.internal.invokers.MethodInvocationHelper.invokeMethod(MethodInvocationHelper.java:139)
at org.testng.internal.invokers.TestInvoker.invokeMethod(TestInvoker.java:664)
at org.testng.internal.invokers.TestInvoker.invokeTestMethod(TestInvoker.java:227)
at org.testng.internal.invokers.MethodRunner.runInSequence(MethodRunner.java:50)
at org.testng.internal.invokers.TestInvoker$MethodInvocationAgent.invoke(TestInvoker.java:957)
at org.testng.internal.invokers.TestInvoker.invokeTestMethods(TestInvoker.java:200)
at org.testng.internal.invokers.TestMethodWorker.invokeTestMethods(TestMethodWorker.java:148)
at org.testng.internal.invokers.TestMethodWorker.run(TestMethodWorker.java:128)
at java.base/java.util.ArrayList.forEach(ArrayList.java:1511)
at org.testng.TestRunner.privateRun(TestRunner.java:848)
at org.testng.TestRunner.run(TestRunner.java:621)
at org.testng.SuiteRunner.runTest(SuiteRunner.java:443)
at org.testng.SuiteRunner.runSequentially(SuiteRunner.java:437)
at org.testng.SuiteRunner.privateRun(SuiteRunner.java:397)
at org.testng.SuiteRunner.run(SuiteRunner.java:336)
at org.testng.SuiteRunnerWorker.runSuite(SuiteRunnerWorker.java:52)
at org.testng.SuiteRunnerWorker.run(SuiteRunnerWorker.java:95)
at org.testng.TestNG.runSuitesSequentially(TestNG.java:1280)
at org.testng.TestNG.runSuitesLocally(TestNG.java:1200)
at org.testng.TestNG.runSuites(TestNG.java:1114)
at org.testng.TestNG.run(TestNG.java:1082)
at org.testng.remote.AbstractRemoteTestNG.run(AbstractRemoteTestNG.java:115)
at org.testng.remote.RemoteTestNG.initAndRun(RemoteTestNG.java:293)
at org.testng.remote.RemoteTestNG.main(RemoteTestNG.java:91)
]]>
            </full-stacktrace>
          </exception> <!-- java.lang.AssertionError -->
          <reporter-output>
          </reporter-output>
        </test-method> <!-- verifyAddGroupLedger -->
        <test-method is-config="true" signature="logOut()[pri:0, instance:Entab.ERP.Tests.VerifyGroupLedgerMasterPage@5b7a5baa]" started-at="2026-02-25T12:31:07 IST" name="logOut" finished-at="2026-02-25T12:31:08 IST" duration-ms="1140" status="FAIL">
          <exception class="org.openqa.selenium.ElementClickInterceptedException">
            <message>
              <![CDATA[element click intercepted: Element <img src="https://campusdocss3.s3.ap-south-1.amazonaws.com/School/ENTABI7000/EmployeePhoto/E184.jpg?X-Amz-Expires=3000&amp;X-Amz-Algorithm=AWS4-HMAC-SHA256&amp;X-Amz-Credential=AKIA23ZCLBHGPD4R2Q6G%2F20260225%2Fap-south-1%2Fs3%2Faws4_request&amp;X-Amz-Date=20260225T070053Z&amp;X-Amz-SignedHeaders=host&amp;X-Amz-Signature=275dd005df980d980ac62c3ad42cbb1e8e5578d77f9c69236f34e4bb5ec400bc" class="profileImg" alt="" onerror="this.onerror=null;this.src='/Images/teacher.png';"> is not clickable at point (1233, 36). Other element would receive the click: <div class="modal-backdrop fade show"></div>
  (Session info: chrome=145.0.7632.110)
Build info: version: '4.17.0', revision: 'e52b1be057*'
System info: os.name: 'Windows 11', os.arch: 'amd64', os.version: '10.0', java.version: '17.0.17'
Driver info: org.openqa.selenium.chrome.ChromeDriver
Command: [bc62f1e7c03475238f8e8212907b9302, clickElement {id=f.D3015C329D4E878E080E5FC0F5E9978D.d.ABD69E4CDBFACF1FDA03FA98042264ED.e.998}]
Capabilities {acceptInsecureCerts: false, browserName: chrome, browserVersion: 145.0.7632.110, chrome: {chromedriverVersion: 145.0.7632.117 (de4e5d6e13b..., userDataDir: C:\Users\Guncha\AppData\Loc...}, fedcm:accounts: true, goog:chromeOptions: {debuggerAddress: localhost:49677}, goog:processID: 19572, networkConnectionEnabled: false, pageLoadStrategy: normal, platformName: windows, proxy: Proxy(), se:cdp: ws://localhost:49677/devtoo..., se:cdpVersion: 145.0.7632.110, setWindowRect: true, strictFileInteractability: false, timeouts: {implicit: 0, pageLoad: 300000, script: 30000}, unhandledPromptBehavior: dismiss and notify, webauthn:extension:credBlob: true, webauthn:extension:largeBlob: true, webauthn:extension:minPinLength: true, webauthn:extension:prf: true, webauthn:virtualAuthenticators: true}
Element: [[ChromeDriver: chrome on windows (bc62f1e7c03475238f8e8212907b9302)] -> xpath: (//img[@class='profileImg'])[1]]
Session ID: bc62f1e7c03475238f8e8212907b9302]]>
            </message>
            <full-stacktrace>
              <![CDATA[org.openqa.selenium.ElementClickInterceptedException: element click intercepted: Element <img src="https://campusdocss3.s3.ap-south-1.amazonaws.com/School/ENTABI7000/EmployeePhoto/E184.jpg?X-Amz-Expires=3000&amp;X-Amz-Algorithm=AWS4-HMAC-SHA256&amp;X-Amz-Credential=AKIA23ZCLBHGPD4R2Q6G%2F20260225%2Fap-south-1%2Fs3%2Faws4_request&amp;X-Amz-Date=20260225T070053Z&amp;X-Amz-SignedHeaders=host&amp;X-Amz-Signature=275dd005df980d980ac62c3ad42cbb1e8e5578d77f9c69236f34e4bb5ec400bc" class="profileImg" alt="" onerror="this.onerror=null;this.src='/Images/teacher.png';"> is not clickable at point (1233, 36). Other element would receive the click: <div class="modal-backdrop fade show"></div>
  (Session info: chrome=145.0.7632.110)
Build info: version: '4.17.0', revision: 'e52b1be057*'
System info: os.name: 'Windows 11', os.arch: 'amd64', os.version: '10.0', java.version: '17.0.17'
Driver info: org.openqa.selenium.chrome.ChromeDriver
Command: [bc62f1e7c03475238f8e8212907b9302, clickElement {id=f.D3015C329D4E878E080E5FC0F5E9978D.d.ABD69E4CDBFACF1FDA03FA98042264ED.e.998}]
Capabilities {acceptInsecureCerts: false, browserName: chrome, browserVersion: 145.0.7632.110, chrome: {chromedriverVersion: 145.0.7632.117 (de4e5d6e13b..., userDataDir: C:\Users\Guncha\AppData\Loc...}, fedcm:accounts: true, goog:chromeOptions: {debuggerAddress: localhost:49677}, goog:processID: 19572, networkConnectionEnabled: false, pageLoadStrategy: normal, platformName: windows, proxy: Proxy(), se:cdp: ws://localhost:49677/devtoo..., se:cdpVersion: 145.0.7632.110, setWindowRect: true, strictFileInteractability: false, timeouts: {implicit: 0, pageLoad: 300000, script: 30000}, unhandledPromptBehavior: dismiss and notify, webauthn:extension:credBlob: true, webauthn:extension:largeBlob: true, webauthn:extension:minPinLength: true, webauthn:extension:prf: true, webauthn:virtualAuthenticators: true}
Element: [[ChromeDriver: chrome on windows (bc62f1e7c03475238f8e8212907b9302)] -> xpath: (//img[@class='profileImg'])[1]]
Session ID: bc62f1e7c03475238f8e8212907b9302
at java.base/jdk.internal.reflect.NativeConstructorAccessorImpl.newInstance0(Native Method)
at java.base/jdk.internal.reflect.NativeConstructorAccessorImpl.newInstance(NativeConstructorAccessorImpl.java:77)
at java.base/jdk.internal.reflect.DelegatingConstructorAccessorImpl.newInstance(DelegatingConstructorAccessorImpl.java:45)
at java.base/java.lang.reflect.Constructor.newInstanceWithCaller(Constructor.java:500)
at java.base/java.lang.reflect.Constructor.newInstance(Constructor.java:481)
at org.openqa.selenium.remote.codec.w3c.W3CHttpResponseCodec.createException(W3CHttpResponseCodec.java:185)
at org.openqa.selenium.remote.codec.w3c.W3CHttpResponseCodec.decode(W3CHttpResponseCodec.java:134)
at org.openqa.selenium.remote.codec.w3c.W3CHttpResponseCodec.decode(W3CHttpResponseCodec.java:51)
at org.openqa.selenium.remote.HttpCommandExecutor.execute(HttpCommandExecutor.java:190)
at org.openqa.selenium.remote.service.DriverCommandExecutor.invokeExecute(DriverCommandExecutor.java:216)
at org.openqa.selenium.remote.service.DriverCommandExecutor.execute(DriverCommandExecutor.java:174)
at org.openqa.selenium.remote.RemoteWebDriver.execute(RemoteWebDriver.java:519)
at org.openqa.selenium.remote.RemoteWebElement.execute(RemoteWebElement.java:223)
at org.openqa.selenium.remote.RemoteWebElement.click(RemoteWebElement.java:76)
at jdk.internal.reflect.GeneratedMethodAccessor4.invoke(Unknown Source)
at java.base/jdk.internal.reflect.DelegatingMethodAccessorImpl.invoke(DelegatingMethodAccessorImpl.java:43)
at java.base/java.lang.reflect.Method.invoke(Method.java:569)
at org.openqa.selenium.support.pagefactory.internal.LocatingElementHandler.invoke(LocatingElementHandler.java:51)
at jdk.proxy2/jdk.proxy2.$Proxy13.click(Unknown Source)
at Entab.ERP.Pages.HomePage.logOut(HomePage.java:85)
at Entab.ERP.TestComponents.BaseTest.logOut(BaseTest.java:87)
at java.base/jdk.internal.reflect.NativeMethodAccessorImpl.invoke0(Native Method)
at java.base/jdk.internal.reflect.NativeMethodAccessorImpl.invoke(NativeMethodAccessorImpl.java:77)
at java.base/jdk.internal.reflect.DelegatingMethodAccessorImpl.invoke(DelegatingMethodAccessorImpl.java:43)
at java.base/java.lang.reflect.Method.invoke(Method.java:569)
at org.testng.internal.invokers.MethodInvocationHelper.invokeMethod(MethodInvocationHelper.java:139)
at org.testng.internal.invokers.MethodInvocationHelper.invokeMethodConsideringTimeout(MethodInvocationHelper.java:69)
at org.testng.internal.invokers.ConfigInvoker.invokeConfigurationMethod(ConfigInvoker.java:390)
at org.testng.internal.invokers.ConfigInvoker.invokeConfigurations(ConfigInvoker.java:325)
at org.testng.internal.invokers.TestMethodWorker.invokeAfterClassConfigurations(TestMethodWorker.java:229)
at org.testng.internal.invokers.TestMethodWorker.invokeAfterClassMethods(TestMethodWorker.java:215)
at org.testng.internal.invokers.TestMethodWorker.run(TestMethodWorker.java:131)
at java.base/java.util.ArrayList.forEach(ArrayList.java:1511)
at org.testng.TestRunner.privateRun(TestRunner.java:848)
at org.testng.TestRunner.run(TestRunner.java:621)
at org.testng.SuiteRunner.runTest(SuiteRunner.java:443)
at org.testng.SuiteRunner.runSequentially(SuiteRunner.java:437)
at org.testng.SuiteRunner.privateRun(SuiteRunner.java:397)
at org.testng.SuiteRunner.run(SuiteRunner.java:336)
at org.testng.SuiteRunnerWorker.runSuite(SuiteRunnerWorker.java:52)
at org.testng.SuiteRunnerWorker.run(SuiteRunnerWorker.java:95)
at org.testng.TestNG.runSuitesSequentially(TestNG.java:1280)
at org.testng.TestNG.runSuitesLocally(TestNG.java:1200)
at org.testng.TestNG.runSuites(TestNG.java:1114)
at org.testng.TestNG.run(TestNG.java:1082)
at org.testng.remote.AbstractRemoteTestNG.run(AbstractRemoteTestNG.java:115)
at org.testng.remote.RemoteTestNG.initAndRun(RemoteTestNG.java:293)
at org.testng.remote.RemoteTestNG.main(RemoteTestNG.java:91)
]]>
            </full-stacktrace>
          </exception> <!-- org.openqa.selenium.ElementClickInterceptedException -->
          <reporter-output>
          </reporter-output>
        </test-method> <!-- logOut -->
        <test-method is-config="true" signature="tearDown()[pri:0, instance:Entab.ERP.Tests.VerifyGroupLedgerMasterPage@5b7a5baa]" started-at="2026-02-25T12:31:08 IST" name="tearDown" finished-at="2026-02-25T12:31:08 IST" duration-ms="224" status="PASS">
          <reporter-output>
          </reporter-output>
        </test-method> <!-- tearDown -->
      </class> <!-- Entab.ERP.Tests.VerifyGroupLedgerMasterPage -->
    </test> <!-- Default test -->
  </suite> <!-- Default suite -->
</testng-results>
