<?xml version="1.0" encoding="UTF-8"?>
<testng-results ignored="0" total="10" passed="10" failed="0" skipped="0">
  <reporter-output>
  </reporter-output>
  <suite started-at="2026-01-21T15:57:44 IST" name="Suite" finished-at="2026-01-21T15:59:13 IST" duration-ms="88446">
    <groups>
    </groups>
    <test started-at="2026-01-21T15:57:44 IST" name="Login Page Test" finished-at="2026-01-21T15:59:13 IST" duration-ms="88446">
      <class name="Entab.ERP.Tests.VerifyLocationMasterPage">
        <test-method is-config="true" signature="lauchApplication()[pri:0, instance:Entab.ERP.Tests.VerifyLocationMasterPage@24c1b2d2]" started-at="2026-01-21T15:57:44 IST" name="lauchApplication" finished-at="2026-01-21T15:57:55 IST" duration-ms="10584" status="PASS">
          <reporter-output>
          </reporter-output>
        </test-method> <!-- lauchApplication -->
        <test-method signature="verifyLocationMasterPage()[pri:1, instance:Entab.ERP.Tests.VerifyLocationMasterPage@24c1b2d2]" started-at="2026-01-21T15:57:55 IST" name="verifyLocationMasterPage" finished-at="2026-01-21T15:58:06 IST" duration-ms="10777" status="PASS">
          <reporter-output>
          </reporter-output>
        </test-method> <!-- verifyLocationMasterPage -->
        <test-method signature="verifyAddLocationMandatoryField()[pri:2, instance:Entab.ERP.Tests.VerifyLocationMasterPage@24c1b2d2]" started-at="2026-01-21T15:58:06 IST" name="verifyAddLocationMandatoryField" finished-at="2026-01-21T15:58:09 IST" duration-ms="3283" status="PASS">
          <reporter-output>
          </reporter-output>
        </test-method> <!-- verifyAddLocationMandatoryField -->
        <test-method signature="verifyAddNewLocationion()[pri:3, instance:Entab.ERP.Tests.VerifyLocationMasterPage@24c1b2d2]" started-at="2026-01-21T15:58:09 IST" name="verifyAddNewLocationion" finished-at="2026-01-21T15:58:15 IST" duration-ms="6225" status="PASS">
          <reporter-output>
          </reporter-output>
        </test-method> <!-- verifyAddNewLocationion -->
        <test-method signature="verifyUpdateLocationPage()[pri:4, instance:Entab.ERP.Tests.VerifyLocationMasterPage@24c1b2d2]" started-at="2026-01-21T15:58:15 IST" name="verifyUpdateLocationPage" finished-at="2026-01-21T15:58:22 IST" duration-ms="7011" status="PASS">
          <reporter-output>
          </reporter-output>
        </test-method> <!-- verifyUpdateLocationPage -->
        <test-method signature="verifyUpdateLocation()[pri:5, instance:Entab.ERP.Tests.VerifyLocationMasterPage@24c1b2d2]" started-at="2026-01-21T15:58:22 IST" name="verifyUpdateLocation" finished-at="2026-01-21T15:58:29 IST" duration-ms="6912" status="PASS">
          <reporter-output>
          </reporter-output>
        </test-method> <!-- verifyUpdateLocation -->
        <test-method signature="verifyDuplicateLocationName()[pri:6, instance:Entab.ERP.Tests.VerifyLocationMasterPage@24c1b2d2]" started-at="2026-01-21T15:58:29 IST" name="verifyDuplicateLocationName" finished-at="2026-01-21T15:58:37 IST" duration-ms="8111" status="PASS">
          <reporter-output>
          </reporter-output>
        </test-method> <!-- verifyDuplicateLocationName -->
        <test-method signature="verifyDeleteLocation()[pri:7, instance:Entab.ERP.Tests.VerifyLocationMasterPage@24c1b2d2]" started-at="2026-01-21T15:58:37 IST" name="verifyDeleteLocation" finished-at="2026-01-21T15:58:43 IST" duration-ms="5433" status="PASS">
          <reporter-output>
          </reporter-output>
        </test-method> <!-- verifyDeleteLocation -->
        <test-method signature="verifyDetetedUsedLocation()[pri:8, instance:Entab.ERP.Tests.VerifyLocationMasterPage@24c1b2d2]" started-at="2026-01-21T15:58:43 IST" name="verifyDetetedUsedLocation" finished-at="2026-01-21T15:58:54 IST" duration-ms="11280" status="PASS">
          <reporter-output>
          </reporter-output>
        </test-method> <!-- verifyDetetedUsedLocation -->
        <test-method signature="verifyDeactivateLocation()[pri:9, instance:Entab.ERP.Tests.VerifyLocationMasterPage@24c1b2d2]" started-at="2026-01-21T15:58:54 IST" name="verifyDeactivateLocation" finished-at="2026-01-21T15:59:00 IST" duration-ms="6104" status="PASS">
          <reporter-output>
          </reporter-output>
        </test-method> <!-- verifyDeactivateLocation -->
        <test-method signature="verifyActivateLocation()[pri:10, instance:Entab.ERP.Tests.VerifyLocationMasterPage@24c1b2d2]" started-at="2026-01-21T15:59:00 IST" name="verifyActivateLocation" finished-at="2026-01-21T15:59:06 IST" duration-ms="6142" status="PASS">
          <reporter-output>
          </reporter-output>
        </test-method> <!-- verifyActivateLocation -->
        <test-method is-config="true" signature="logOut()[pri:0, instance:Entab.ERP.Tests.VerifyLocationMasterPage@24c1b2d2]" started-at="2026-01-21T15:59:06 IST" name="logOut" finished-at="2026-01-21T15:59:13 IST" duration-ms="6519" status="PASS">
          <reporter-output>
          </reporter-output>
        </test-method> <!-- logOut -->
        <test-method is-config="true" signature="tearDown()[pri:0, instance:Entab.ERP.Tests.VerifyLocationMasterPage@24c1b2d2]" started-at="2026-01-21T15:59:13 IST" name="tearDown" finished-at="2026-01-21T15:59:13 IST" duration-ms="33" status="PASS">
          <reporter-output>
          </reporter-output>
        </test-method> <!-- tearDown -->
      </class> <!-- Entab.ERP.Tests.VerifyLocationMasterPage -->
    </test> <!-- Login Page Test -->
  </suite> <!-- Suite -->
</testng-results>
