<?xml version="1.0" encoding="UTF-8"?>
<testng-results ignored="0" total="3" passed="3" failed="0" skipped="0">
  <reporter-output>
  </reporter-output>
  <suite started-at="2026-01-19T17:47:42 IST" name="Default suite" finished-at="2026-01-19T17:48:25 IST" duration-ms="42940">
    <groups>
    </groups>
    <test started-at="2026-01-19T17:47:42 IST" name="Default test" finished-at="2026-01-19T17:48:25 IST" duration-ms="42940">
      <class name="Entab.ERP.Tests.HomePageVerification">
        <test-method is-config="true" signature="lauchApplication()[pri:0, instance:Entab.ERP.Tests.HomePageVerification@639c2c1d]" started-at="2026-01-19T17:47:42 IST" name="lauchApplication" finished-at="2026-01-19T17:47:52 IST" duration-ms="10465" status="PASS">
          <reporter-output>
          </reporter-output>
        </test-method> <!-- lauchApplication -->
        <test-method signature="verifyLoginUserName()[pri:1, instance:Entab.ERP.Tests.HomePageVerification@639c2c1d]" started-at="2026-01-19T17:47:52 IST" name="verifyLoginUserName" finished-at="2026-01-19T17:48:06 IST" duration-ms="13446" status="PASS">
          <reporter-output>
          </reporter-output>
        </test-method> <!-- verifyLoginUserName -->
        <test-method signature="verifyUserId()[pri:2, instance:Entab.ERP.Tests.HomePageVerification@639c2c1d]" started-at="2026-01-19T17:48:06 IST" name="verifyUserId" finished-at="2026-01-19T17:48:11 IST" duration-ms="5563" status="PASS">
          <reporter-output>
          </reporter-output>
        </test-method> <!-- verifyUserId -->
        <test-method signature="verifyChangePasswordText()[pri:3, instance:Entab.ERP.Tests.HomePageVerification@639c2c1d]" started-at="2026-01-19T17:48:11 IST" name="verifyChangePasswordText" finished-at="2026-01-19T17:48:19 IST" duration-ms="7578" status="PASS">
          <reporter-output>
          </reporter-output>
        </test-method> <!-- verifyChangePasswordText -->
        <test-method is-config="true" signature="logOut()[pri:0, instance:Entab.ERP.Tests.HomePageVerification@639c2c1d]" started-at="2026-01-19T17:48:19 IST" name="logOut" finished-at="2026-01-19T17:48:25 IST" duration-ms="5849" status="PASS">
          <reporter-output>
          </reporter-output>
        </test-method> <!-- logOut -->
        <test-method is-config="true" signature="tearDown()[pri:0, instance:Entab.ERP.Tests.HomePageVerification@639c2c1d]" started-at="2026-01-19T17:48:25 IST" name="tearDown" finished-at="2026-01-19T17:48:25 IST" duration-ms="86" status="PASS">
          <reporter-output>
          </reporter-output>
        </test-method> <!-- tearDown -->
      </class> <!-- Entab.ERP.Tests.HomePageVerification -->
    </test> <!-- Default test -->
  </suite> <!-- Default suite -->
</testng-results>
