<?xml version="1.0" encoding="UTF-8"?>
<testng-results ignored="0" total="22" passed="21" failed="1" skipped="0">
  <reporter-output>
  </reporter-output>
  <suite started-at="2026-02-24T09:59:17 IST" name="Suite" finished-at="2026-02-24T10:02:56 IST" duration-ms="219248">
    <groups>
    </groups>
    <test started-at="2026-02-24T09:59:17 IST" name="Login Page Test" finished-at="2026-02-24T10:02:56 IST" duration-ms="219248">
      <class name="Entab.ERP.Tests.VerifyGroupLedgerMasterPage">
        <test-method is-config="true" signature="lauchApplication()[pri:0, instance:Entab.ERP.Tests.VerifyGroupLedgerMasterPage@6e2aa843]" started-at="2026-02-24T10:00:51 IST" name="lauchApplication" finished-at="2026-02-24T10:01:01 IST" duration-ms="9960" status="PASS">
          <reporter-output>
          </reporter-output>
        </test-method> <!-- lauchApplication -->
        <test-method signature="verifyGroupLedgerMasterPage()[pri:1, instance:Entab.ERP.Tests.VerifyGroupLedgerMasterPage@6e2aa843]" started-at="2026-02-24T10:01:01 IST" name="verifyGroupLedgerMasterPage" finished-at="2026-02-24T10:01:25 IST" duration-ms="24012" status="PASS">
          <reporter-output>
          </reporter-output>
        </test-method> <!-- verifyGroupLedgerMasterPage -->
        <test-method signature="verifyMandatroyFieldGroupLedger()[pri:2, instance:Entab.ERP.Tests.VerifyGroupLedgerMasterPage@6e2aa843]" started-at="2026-02-24T10:01:25 IST" name="verifyMandatroyFieldGroupLedger" finished-at="2026-02-24T10:01:34 IST" depends-on-methods="Entab.ERP.Tests.VerifyGroupLedgerMasterPage.verifyGroupLedgerMasterPage" duration-ms="8607" status="PASS">
          <reporter-output>
          </reporter-output>
        </test-method> <!-- verifyMandatroyFieldGroupLedger -->
        <test-method signature="verifyAddGroupLedger()[pri:3, instance:Entab.ERP.Tests.VerifyGroupLedgerMasterPage@6e2aa843]" started-at="2026-02-24T10:01:34 IST" name="verifyAddGroupLedger" finished-at="2026-02-24T10:01:42 IST" duration-ms="7638" status="PASS">
          <reporter-output>
          </reporter-output>
        </test-method> <!-- verifyAddGroupLedger -->
        <test-method signature="verifyUpdateGroupLedger()[pri:4, instance:Entab.ERP.Tests.VerifyGroupLedgerMasterPage@6e2aa843]" started-at="2026-02-24T10:01:42 IST" name="verifyUpdateGroupLedger" finished-at="2026-02-24T10:01:47 IST" duration-ms="5753" status="PASS">
          <reporter-output>
          </reporter-output>
        </test-method> <!-- verifyUpdateGroupLedger -->
        <test-method signature="verifyDuplicateGroupLedger()[pri:5, instance:Entab.ERP.Tests.VerifyGroupLedgerMasterPage@6e2aa843]" started-at="2026-02-24T10:01:47 IST" name="verifyDuplicateGroupLedger" finished-at="2026-02-24T10:02:04 IST" duration-ms="16784" status="PASS">
          <reporter-output>
          </reporter-output>
        </test-method> <!-- verifyDuplicateGroupLedger -->
        <test-method signature="verifydeleteGroupLedger()[pri:6, instance:Entab.ERP.Tests.VerifyGroupLedgerMasterPage@6e2aa843]" started-at="2026-02-24T10:02:04 IST" name="verifydeleteGroupLedger" finished-at="2026-02-24T10:02:11 IST" duration-ms="6410" status="PASS">
          <reporter-output>
          </reporter-output>
        </test-method> <!-- verifydeleteGroupLedger -->
        <test-method signature="verifyExportCSV()[pri:7, instance:Entab.ERP.Tests.VerifyGroupLedgerMasterPage@6e2aa843]" started-at="2026-02-24T10:02:11 IST" name="verifyExportCSV" finished-at="2026-02-24T10:02:14 IST" duration-ms="3144" status="PASS">
          <reporter-output>
          </reporter-output>
        </test-method> <!-- verifyExportCSV -->
        <test-method signature="verifyExportExcel()[pri:8, instance:Entab.ERP.Tests.VerifyGroupLedgerMasterPage@6e2aa843]" started-at="2026-02-24T10:02:14 IST" name="verifyExportExcel" finished-at="2026-02-24T10:02:16 IST" duration-ms="2120" status="PASS">
          <reporter-output>
          </reporter-output>
        </test-method> <!-- verifyExportExcel -->
        <test-method signature="verifyExportPdf()[pri:8, instance:Entab.ERP.Tests.VerifyGroupLedgerMasterPage@6e2aa843]" started-at="2026-02-24T10:02:16 IST" name="verifyExportPdf" finished-at="2026-02-24T10:02:40 IST" duration-ms="24306" status="FAIL">
          <exception class="org.openqa.selenium.WebDriverException">
            <message>
              <![CDATA[unknown error: failed to close window in 20 seconds
  (Session info: chrome=145.0.7632.109)
Build info: version: '4.38.0', revision: '6b412e825c*'
System info: os.name: 'Windows 11', os.arch: 'amd64', os.version: '10.0', java.version: '17.0.17'
Driver info: org.openqa.selenium.chrome.ChromeDriver
Command: [6bb4920f8030219080d643940ad6afef, close {}]
Capabilities {acceptInsecureCerts: false, browserName: chrome, browserVersion: 145.0.7632.109, chrome: {chromedriverVersion: 145.0.7632.77 (da516187054a..., userDataDir: C:\Users\Guncha\AppData\Loc...}, fedcm:accounts: true, goog:chromeOptions: {debuggerAddress: localhost:61272}, goog:processID: 3888, networkConnectionEnabled: false, pageLoadStrategy: normal, platformName: windows, proxy: Proxy(), se:cdp: ws://localhost:61272/devtoo..., se:cdpVersion: 145.0.7632.109, setWindowRect: true, strictFileInteractability: false, timeouts: {implicit: 0, pageLoad: 300000, script: 30000}, unhandledPromptBehavior: dismiss and notify, webauthn:extension:credBlob: true, webauthn:extension:largeBlob: true, webauthn:extension:minPinLength: true, webauthn:extension:prf: true, webauthn:virtualAuthenticators: true}
Session ID: 6bb4920f8030219080d643940ad6afef]]>
            </message>
            <full-stacktrace>
              <![CDATA[org.openqa.selenium.WebDriverException: unknown error: failed to close window in 20 seconds
  (Session info: chrome=145.0.7632.109)
Build info: version: '4.38.0', revision: '6b412e825c*'
System info: os.name: 'Windows 11', os.arch: 'amd64', os.version: '10.0', java.version: '17.0.17'
Driver info: org.openqa.selenium.chrome.ChromeDriver
Command: [6bb4920f8030219080d643940ad6afef, close {}]
Capabilities {acceptInsecureCerts: false, browserName: chrome, browserVersion: 145.0.7632.109, chrome: {chromedriverVersion: 145.0.7632.77 (da516187054a..., userDataDir: C:\Users\Guncha\AppData\Loc...}, fedcm:accounts: true, goog:chromeOptions: {debuggerAddress: localhost:61272}, goog:processID: 3888, networkConnectionEnabled: false, pageLoadStrategy: normal, platformName: windows, proxy: Proxy(), se:cdp: ws://localhost:61272/devtoo..., se:cdpVersion: 145.0.7632.109, setWindowRect: true, strictFileInteractability: false, timeouts: {implicit: 0, pageLoad: 300000, script: 30000}, unhandledPromptBehavior: dismiss and notify, webauthn:extension:credBlob: true, webauthn:extension:largeBlob: true, webauthn:extension:minPinLength: true, webauthn:extension:prf: true, webauthn:virtualAuthenticators: true}
Session ID: 6bb4920f8030219080d643940ad6afef
at java.base/jdk.internal.reflect.NativeConstructorAccessorImpl.newInstance0(Native Method)
at java.base/jdk.internal.reflect.NativeConstructorAccessorImpl.newInstance(NativeConstructorAccessorImpl.java:77)
at java.base/jdk.internal.reflect.DelegatingConstructorAccessorImpl.newInstance(DelegatingConstructorAccessorImpl.java:45)
at java.base/java.lang.reflect.Constructor.newInstanceWithCaller(Constructor.java:500)
at java.base/java.lang.reflect.Constructor.newInstance(Constructor.java:481)
at org.openqa.selenium.remote.ErrorCodec.decode(ErrorCodec.java:167)
at org.openqa.selenium.remote.codec.w3c.W3CHttpResponseCodec.decode(W3CHttpResponseCodec.java:138)
at org.openqa.selenium.remote.codec.w3c.W3CHttpResponseCodec.decode(W3CHttpResponseCodec.java:50)
at org.openqa.selenium.remote.HttpCommandExecutor.execute(HttpCommandExecutor.java:215)
at org.openqa.selenium.remote.service.DriverCommandExecutor.invokeExecute(DriverCommandExecutor.java:216)
at org.openqa.selenium.remote.service.DriverCommandExecutor.execute(DriverCommandExecutor.java:174)
at org.openqa.selenium.remote.RemoteWebDriver.execute(RemoteWebDriver.java:557)
at org.openqa.selenium.remote.RemoteWebDriver.execute(RemoteWebDriver.java:634)
at org.openqa.selenium.remote.RemoteWebDriver.execute(RemoteWebDriver.java:638)
at org.openqa.selenium.remote.RemoteWebDriver.close(RemoteWebDriver.java:430)
at Entab.ERP.Pages.GroupLedgerMasterPage.exportPdf(GroupLedgerMasterPage.java:342)
at Entab.ERP.Tests.VerifyGroupLedgerMasterPage.verifyExportPdf(VerifyGroupLedgerMasterPage.java:99)
at java.base/jdk.internal.reflect.NativeMethodAccessorImpl.invoke0(Native Method)
at java.base/jdk.internal.reflect.NativeMethodAccessorImpl.invoke(NativeMethodAccessorImpl.java:77)
at java.base/jdk.internal.reflect.DelegatingMethodAccessorImpl.invoke(DelegatingMethodAccessorImpl.java:43)
at java.base/java.lang.reflect.Method.invoke(Method.java:569)
at org.testng.internal.invokers.MethodInvocationHelper.invokeMethod(MethodInvocationHelper.java:139)
at org.testng.internal.invokers.TestInvoker.invokeMethod(TestInvoker.java:664)
at org.testng.internal.invokers.TestInvoker.invokeTestMethod(TestInvoker.java:227)
at org.testng.internal.invokers.MethodRunner.runInSequence(MethodRunner.java:50)
at org.testng.internal.invokers.TestInvoker$MethodInvocationAgent.invoke(TestInvoker.java:957)
at org.testng.internal.invokers.TestInvoker.invokeTestMethods(TestInvoker.java:200)
at org.testng.internal.invokers.TestMethodWorker.invokeTestMethods(TestMethodWorker.java:148)
at org.testng.internal.invokers.TestMethodWorker.run(TestMethodWorker.java:128)
at java.base/java.util.ArrayList.forEach(ArrayList.java:1511)
at org.testng.TestRunner.privateRun(TestRunner.java:848)
at org.testng.TestRunner.run(TestRunner.java:621)
at org.testng.SuiteRunner.runTest(SuiteRunner.java:443)
at org.testng.SuiteRunner.runSequentially(SuiteRunner.java:437)
at org.testng.SuiteRunner.privateRun(SuiteRunner.java:397)
at org.testng.SuiteRunner.run(SuiteRunner.java:336)
at org.testng.SuiteRunnerWorker.runSuite(SuiteRunnerWorker.java:52)
at org.testng.SuiteRunnerWorker.run(SuiteRunnerWorker.java:95)
at org.testng.TestNG.runSuitesSequentially(TestNG.java:1280)
at org.testng.TestNG.runSuitesLocally(TestNG.java:1200)
at org.testng.TestNG.runSuites(TestNG.java:1114)
at org.testng.TestNG.run(TestNG.java:1082)
at org.testng.remote.AbstractRemoteTestNG.run(AbstractRemoteTestNG.java:115)
at org.testng.remote.RemoteTestNG.initAndRun(RemoteTestNG.java:293)
at org.testng.remote.RemoteTestNG.main(RemoteTestNG.java:91)
]]>
            </full-stacktrace>
          </exception> <!-- org.openqa.selenium.WebDriverException -->
          <reporter-output>
          </reporter-output>
        </test-method> <!-- verifyExportPdf -->
        <test-method is-config="true" signature="logOut()[pri:0, instance:Entab.ERP.Tests.VerifyGroupLedgerMasterPage@6e2aa843]" started-at="2026-02-24T10:02:40 IST" name="logOut" finished-at="2026-02-24T10:02:56 IST" duration-ms="16101" status="FAIL">
          <exception class="org.openqa.selenium.NoSuchElementException">
            <message>
              <![CDATA[no such element: Unable to locate element: {"method":"xpath","selector":"(//img[@class='profileImg'])[1]"}
  (Session info: chrome=145.0.7632.109)
For documentation on this error, please visit: https://www.selenium.dev/documentation/webdriver/troubleshooting/errors#nosuchelementexception
Build info: version: '4.38.0', revision: '6b412e825c*'
System info: os.name: 'Windows 11', os.arch: 'amd64', os.version: '10.0', java.version: '17.0.17'
Driver info: org.openqa.selenium.chrome.ChromeDriver
Command: [6bb4920f8030219080d643940ad6afef, findElement {value=(//img[@class='profileImg'])[1], using=xpath}]
Capabilities {acceptInsecureCerts: false, browserName: chrome, browserVersion: 145.0.7632.109, chrome: {chromedriverVersion: 145.0.7632.77 (da516187054a..., userDataDir: C:\Users\Guncha\AppData\Loc...}, fedcm:accounts: true, goog:chromeOptions: {debuggerAddress: localhost:61272}, goog:processID: 3888, networkConnectionEnabled: false, pageLoadStrategy: normal, platformName: windows, proxy: Proxy(), se:cdp: ws://localhost:61272/devtoo..., se:cdpVersion: 145.0.7632.109, setWindowRect: true, strictFileInteractability: false, timeouts: {implicit: 0, pageLoad: 300000, script: 30000}, unhandledPromptBehavior: dismiss and notify, webauthn:extension:credBlob: true, webauthn:extension:largeBlob: true, webauthn:extension:minPinLength: true, webauthn:extension:prf: true, webauthn:virtualAuthenticators: true}
Session ID: 6bb4920f8030219080d643940ad6afef]]>
            </message>
            <full-stacktrace>
              <![CDATA[org.openqa.selenium.NoSuchElementException: no such element: Unable to locate element: {"method":"xpath","selector":"(//img[@class='profileImg'])[1]"}
  (Session info: chrome=145.0.7632.109)
For documentation on this error, please visit: https://www.selenium.dev/documentation/webdriver/troubleshooting/errors#nosuchelementexception
Build info: version: '4.38.0', revision: '6b412e825c*'
System info: os.name: 'Windows 11', os.arch: 'amd64', os.version: '10.0', java.version: '17.0.17'
Driver info: org.openqa.selenium.chrome.ChromeDriver
Command: [6bb4920f8030219080d643940ad6afef, findElement {value=(//img[@class='profileImg'])[1], using=xpath}]
Capabilities {acceptInsecureCerts: false, browserName: chrome, browserVersion: 145.0.7632.109, chrome: {chromedriverVersion: 145.0.7632.77 (da516187054a..., userDataDir: C:\Users\Guncha\AppData\Loc...}, fedcm:accounts: true, goog:chromeOptions: {debuggerAddress: localhost:61272}, goog:processID: 3888, networkConnectionEnabled: false, pageLoadStrategy: normal, platformName: windows, proxy: Proxy(), se:cdp: ws://localhost:61272/devtoo..., se:cdpVersion: 145.0.7632.109, setWindowRect: true, strictFileInteractability: false, timeouts: {implicit: 0, pageLoad: 300000, script: 30000}, unhandledPromptBehavior: dismiss and notify, webauthn:extension:credBlob: true, webauthn:extension:largeBlob: true, webauthn:extension:minPinLength: true, webauthn:extension:prf: true, webauthn:virtualAuthenticators: true}
Session ID: 6bb4920f8030219080d643940ad6afef
at java.base/jdk.internal.reflect.NativeConstructorAccessorImpl.newInstance0(Native Method)
at java.base/jdk.internal.reflect.NativeConstructorAccessorImpl.newInstance(NativeConstructorAccessorImpl.java:77)
at java.base/jdk.internal.reflect.DelegatingConstructorAccessorImpl.newInstance(DelegatingConstructorAccessorImpl.java:45)
at java.base/java.lang.reflect.Constructor.newInstanceWithCaller(Constructor.java:500)
at java.base/java.lang.reflect.Constructor.newInstance(Constructor.java:481)
at org.openqa.selenium.remote.ErrorCodec.decode(ErrorCodec.java:167)
at org.openqa.selenium.remote.codec.w3c.W3CHttpResponseCodec.decode(W3CHttpResponseCodec.java:138)
at org.openqa.selenium.remote.codec.w3c.W3CHttpResponseCodec.decode(W3CHttpResponseCodec.java:50)
at org.openqa.selenium.remote.HttpCommandExecutor.execute(HttpCommandExecutor.java:215)
at org.openqa.selenium.remote.service.DriverCommandExecutor.invokeExecute(DriverCommandExecutor.java:216)
at org.openqa.selenium.remote.service.DriverCommandExecutor.execute(DriverCommandExecutor.java:174)
at org.openqa.selenium.remote.RemoteWebDriver.execute(RemoteWebDriver.java:557)
at org.openqa.selenium.remote.ElementLocation$ElementFinder$2.findElement(ElementLocation.java:165)
at org.openqa.selenium.remote.ElementLocation.findElement(ElementLocation.java:59)
at org.openqa.selenium.remote.RemoteWebDriver.findElement(RemoteWebDriver.java:380)
at org.openqa.selenium.remote.RemoteWebDriver.findElement(RemoteWebDriver.java:374)
at org.openqa.selenium.support.pagefactory.DefaultElementLocator.findElement(DefaultElementLocator.java:68)
at org.openqa.selenium.support.pagefactory.internal.LocatingElementHandler.invoke(LocatingElementHandler.java:38)
at jdk.proxy2/jdk.proxy2.$Proxy15.click(Unknown Source)
at Entab.ERP.Pages.HomePage.logOut(HomePage.java:85)
at Entab.ERP.TestComponents.BaseTest.logOut(BaseTest.java:87)
at java.base/jdk.internal.reflect.NativeMethodAccessorImpl.invoke0(Native Method)
at java.base/jdk.internal.reflect.NativeMethodAccessorImpl.invoke(NativeMethodAccessorImpl.java:77)
at java.base/jdk.internal.reflect.DelegatingMethodAccessorImpl.invoke(DelegatingMethodAccessorImpl.java:43)
at java.base/java.lang.reflect.Method.invoke(Method.java:569)
at org.testng.internal.invokers.MethodInvocationHelper.invokeMethod(MethodInvocationHelper.java:139)
at org.testng.internal.invokers.MethodInvocationHelper.invokeMethodConsideringTimeout(MethodInvocationHelper.java:69)
at org.testng.internal.invokers.ConfigInvoker.invokeConfigurationMethod(ConfigInvoker.java:390)
at org.testng.internal.invokers.ConfigInvoker.invokeConfigurations(ConfigInvoker.java:325)
at org.testng.internal.invokers.TestMethodWorker.invokeAfterClassConfigurations(TestMethodWorker.java:229)
at org.testng.internal.invokers.TestMethodWorker.invokeAfterClassMethods(TestMethodWorker.java:215)
at org.testng.internal.invokers.TestMethodWorker.run(TestMethodWorker.java:131)
at java.base/java.util.ArrayList.forEach(ArrayList.java:1511)
at org.testng.TestRunner.privateRun(TestRunner.java:848)
at org.testng.TestRunner.run(TestRunner.java:621)
at org.testng.SuiteRunner.runTest(SuiteRunner.java:443)
at org.testng.SuiteRunner.runSequentially(SuiteRunner.java:437)
at org.testng.SuiteRunner.privateRun(SuiteRunner.java:397)
at org.testng.SuiteRunner.run(SuiteRunner.java:336)
at org.testng.SuiteRunnerWorker.runSuite(SuiteRunnerWorker.java:52)
at org.testng.SuiteRunnerWorker.run(SuiteRunnerWorker.java:95)
at org.testng.TestNG.runSuitesSequentially(TestNG.java:1280)
at org.testng.TestNG.runSuitesLocally(TestNG.java:1200)
at org.testng.TestNG.runSuites(TestNG.java:1114)
at org.testng.TestNG.run(TestNG.java:1082)
at org.testng.remote.AbstractRemoteTestNG.run(AbstractRemoteTestNG.java:115)
at org.testng.remote.RemoteTestNG.initAndRun(RemoteTestNG.java:293)
at org.testng.remote.RemoteTestNG.main(RemoteTestNG.java:91)
]]>
            </full-stacktrace>
          </exception> <!-- org.openqa.selenium.NoSuchElementException -->
          <reporter-output>
          </reporter-output>
        </test-method> <!-- logOut -->
      </class> <!-- Entab.ERP.Tests.VerifyGroupLedgerMasterPage -->
      <class name="Entab.ERP.Tests.VerifyLocationMasterPage">
        <test-method is-config="true" signature="lauchApplication()[pri:0, instance:Entab.ERP.Tests.VerifyLocationMasterPage@23941fb4]" started-at="2026-02-24T09:59:17 IST" name="lauchApplication" finished-at="2026-02-24T09:59:28 IST" duration-ms="10431" status="PASS">
          <reporter-output>
          </reporter-output>
        </test-method> <!-- lauchApplication -->
        <test-method signature="verifyLocationMasterPage()[pri:1, instance:Entab.ERP.Tests.VerifyLocationMasterPage@23941fb4]" started-at="2026-02-24T09:59:28 IST" name="verifyLocationMasterPage" finished-at="2026-02-24T09:59:40 IST" duration-ms="12008" status="PASS">
          <reporter-output>
          </reporter-output>
        </test-method> <!-- verifyLocationMasterPage -->
        <test-method signature="verifyAddLocationMandatoryField()[pri:2, instance:Entab.ERP.Tests.VerifyLocationMasterPage@23941fb4]" started-at="2026-02-24T09:59:40 IST" name="verifyAddLocationMandatoryField" finished-at="2026-02-24T09:59:43 IST" duration-ms="3796" status="PASS">
          <reporter-output>
          </reporter-output>
        </test-method> <!-- verifyAddLocationMandatoryField -->
        <test-method signature="verifyAddNewLocationion()[pri:3, instance:Entab.ERP.Tests.VerifyLocationMasterPage@23941fb4]" started-at="2026-02-24T09:59:43 IST" name="verifyAddNewLocationion" finished-at="2026-02-24T09:59:50 IST" duration-ms="6381" status="PASS">
          <reporter-output>
          </reporter-output>
        </test-method> <!-- verifyAddNewLocationion -->
        <test-method signature="verifyUpdateLocationPage()[pri:4, instance:Entab.ERP.Tests.VerifyLocationMasterPage@23941fb4]" started-at="2026-02-24T09:59:50 IST" name="verifyUpdateLocationPage" finished-at="2026-02-24T09:59:57 IST" duration-ms="6880" status="PASS">
          <reporter-output>
          </reporter-output>
        </test-method> <!-- verifyUpdateLocationPage -->
        <test-method signature="verifyUpdateLocation()[pri:5, instance:Entab.ERP.Tests.VerifyLocationMasterPage@23941fb4]" started-at="2026-02-24T09:59:57 IST" name="verifyUpdateLocation" finished-at="2026-02-24T10:00:04 IST" duration-ms="7014" status="PASS">
          <reporter-output>
          </reporter-output>
        </test-method> <!-- verifyUpdateLocation -->
        <test-method signature="verifyDuplicateLocationName()[pri:6, instance:Entab.ERP.Tests.VerifyLocationMasterPage@23941fb4]" started-at="2026-02-24T10:00:04 IST" name="verifyDuplicateLocationName" finished-at="2026-02-24T10:00:11 IST" duration-ms="7225" status="PASS">
          <reporter-output>
          </reporter-output>
        </test-method> <!-- verifyDuplicateLocationName -->
        <test-method signature="verifyDeleteLocation()[pri:7, instance:Entab.ERP.Tests.VerifyLocationMasterPage@23941fb4]" started-at="2026-02-24T10:00:11 IST" name="verifyDeleteLocation" finished-at="2026-02-24T10:00:16 IST" duration-ms="5390" status="PASS">
          <reporter-output>
          </reporter-output>
        </test-method> <!-- verifyDeleteLocation -->
        <test-method signature="verifyDetetedUsedLocation()[pri:8, instance:Entab.ERP.Tests.VerifyLocationMasterPage@23941fb4]" started-at="2026-02-24T10:00:16 IST" name="verifyDetetedUsedLocation" finished-at="2026-02-24T10:00:27 IST" duration-ms="11139" status="PASS">
          <reporter-output>
          </reporter-output>
        </test-method> <!-- verifyDetetedUsedLocation -->
        <test-method signature="verifyDeactivateLocation()[pri:9, instance:Entab.ERP.Tests.VerifyLocationMasterPage@23941fb4]" started-at="2026-02-24T10:00:27 IST" name="verifyDeactivateLocation" finished-at="2026-02-24T10:00:33 IST" duration-ms="5766" status="PASS">
          <reporter-output>
          </reporter-output>
        </test-method> <!-- verifyDeactivateLocation -->
        <test-method signature="verifyActivateLocation()[pri:10, instance:Entab.ERP.Tests.VerifyLocationMasterPage@23941fb4]" started-at="2026-02-24T10:00:33 IST" name="verifyActivateLocation" finished-at="2026-02-24T10:00:39 IST" duration-ms="6099" status="PASS">
          <reporter-output>
          </reporter-output>
        </test-method> <!-- verifyActivateLocation -->
        <test-method signature="verifyExportCSV()[pri:11, instance:Entab.ERP.Tests.VerifyLocationMasterPage@23941fb4]" started-at="2026-02-24T10:00:39 IST" name="verifyExportCSV" finished-at="2026-02-24T10:00:40 IST" duration-ms="1144" status="PASS">
          <reporter-output>
          </reporter-output>
        </test-method> <!-- verifyExportCSV -->
        <test-method signature="verifyExportExcel()[pri:12, instance:Entab.ERP.Tests.VerifyLocationMasterPage@23941fb4]" started-at="2026-02-24T10:00:40 IST" name="verifyExportExcel" finished-at="2026-02-24T10:00:42 IST" duration-ms="1094" status="PASS">
          <reporter-output>
          </reporter-output>
        </test-method> <!-- verifyExportExcel -->
        <test-method signature="verifyExportPDF()[pri:13, instance:Entab.ERP.Tests.VerifyLocationMasterPage@23941fb4]" started-at="2026-02-24T10:00:42 IST" name="verifyExportPDF" finished-at="2026-02-24T10:00:45 IST" duration-ms="3274" status="PASS">
          <reporter-output>
          </reporter-output>
        </test-method> <!-- verifyExportPDF -->
        <test-method is-config="true" signature="logOut()[pri:0, instance:Entab.ERP.Tests.VerifyLocationMasterPage@23941fb4]" started-at="2026-02-24T10:00:45 IST" name="logOut" finished-at="2026-02-24T10:00:51 IST" duration-ms="6516" status="PASS">
          <reporter-output>
          </reporter-output>
        </test-method> <!-- logOut -->
        <test-method is-config="true" signature="tearDown()[pri:0, instance:Entab.ERP.Tests.VerifyLocationMasterPage@23941fb4]" started-at="2026-02-24T10:02:57 IST" name="tearDown" finished-at="2026-02-24T10:02:57 IST" duration-ms="33" status="PASS">
          <reporter-output>
          </reporter-output>
        </test-method> <!-- tearDown -->
      </class> <!-- Entab.ERP.Tests.VerifyLocationMasterPage -->
    </test> <!-- Login Page Test -->
  </suite> <!-- Suite -->
</testng-results>
