<?xml version="1.0" encoding="UTF-8"?>
<testng-results ignored="0" total="2" passed="2" failed="0" skipped="0">
  <reporter-output>
  </reporter-output>
  <suite started-at="2025-11-20T18:19:36 IST" name="Suite" finished-at="2025-11-20T18:20:00 IST" duration-ms="24362">
    <groups>
    </groups>
    <test started-at="2025-11-20T18:19:36 IST" name="Login Page Test" finished-at="2025-11-20T18:20:00 IST" duration-ms="24362">
      <class name="Entab.ERP.Tests.LocationMasterPageVerifcation">
        <test-method is-config="true" signature="lauchApplication()[pri:0, instance:Entab.ERP.Tests.LocationMasterPageVerifcation@32a68f4f]" started-at="2025-11-20T18:19:36 IST" name="lauchApplication" finished-at="2025-11-20T18:19:47 IST" duration-ms="10678" status="PASS">
          <reporter-output>
          </reporter-output>
        </test-method> <!-- lauchApplication -->
        <test-method signature="verifyLocationMasterPage()[pri:0, instance:Entab.ERP.Tests.LocationMasterPageVerifcation@32a68f4f]" started-at="2025-11-20T18:19:47 IST" name="verifyLocationMasterPage" finished-at="2025-11-20T18:19:57 IST" duration-ms="10464" status="PASS">
          <reporter-output>
          </reporter-output>
        </test-method> <!-- verifyLocationMasterPage -->
        <test-method signature="verifyAddLocationMandatoryField()[pri:0, instance:Entab.ERP.Tests.LocationMasterPageVerifcation@32a68f4f]" started-at="2025-11-20T18:19:57 IST" name="verifyAddLocationMandatoryField" finished-at="2025-11-20T18:20:00 IST" depends-on-methods="Entab.ERP.Tests.LocationMasterPageVerifcation.verifyLocationMasterPage" duration-ms="2695" status="PASS">
          <reporter-output>
          </reporter-output>
        </test-method> <!-- verifyAddLocationMandatoryField -->
        <test-method is-config="true" signature="logOut()[pri:0, instance:Entab.ERP.Tests.LocationMasterPageVerifcation@32a68f4f]" started-at="2025-11-20T18:20:00 IST" name="logOut" finished-at="2025-11-20T18:20:00 IST" duration-ms="479" status="PASS">
          <reporter-output>
          </reporter-output>
        </test-method> <!-- logOut -->
        <test-method is-config="true" signature="tearDown()[pri:0, instance:Entab.ERP.Tests.LocationMasterPageVerifcation@32a68f4f]" started-at="2025-11-20T18:20:01 IST" name="tearDown" finished-at="2025-11-20T18:20:01 IST" duration-ms="22" status="PASS">
          <reporter-output>
          </reporter-output>
        </test-method> <!-- tearDown -->
      </class> <!-- Entab.ERP.Tests.LocationMasterPageVerifcation -->
    </test> <!-- Login Page Test -->
  </suite> <!-- Suite -->
</testng-results>
