<?xml version="1.0" encoding="UTF-8"?>
<testng-results ignored="0" total="1" passed="1" failed="0" skipped="0">
  <reporter-output>
  </reporter-output>
  <suite started-at="2025-11-14T11:50:19 IST" name="Default suite" finished-at="2025-11-14T11:50:38 IST" duration-ms="19815">
    <groups>
    </groups>
    <test started-at="2025-11-14T11:50:19 IST" name="Default test" finished-at="2025-11-14T11:50:38 IST" duration-ms="19815">
      <class name="Entab.ERP.Tests.LoginVerification">
        <test-method is-config="true" signature="lauchApplication()[pri:0, instance:Entab.ERP.Tests.LoginVerification@7d0b7e3c]" started-at="2025-11-14T11:50:19 IST" name="lauchApplication" finished-at="2025-11-14T11:50:26 IST" duration-ms="7646" status="PASS">
          <reporter-output>
          </reporter-output>
        </test-method> <!-- lauchApplication -->
        <test-method signature="verifyLogin()[pri:0, instance:Entab.ERP.Tests.LoginVerification@7d0b7e3c]" started-at="2025-11-14T11:50:26 IST" name="verifyLogin" finished-at="2025-11-14T11:50:33 IST" duration-ms="7295" status="PASS">
          <reporter-output>
          </reporter-output>
        </test-method> <!-- verifyLogin -->
        <test-method is-config="true" signature="logOut()[pri:0, instance:Entab.ERP.Tests.LoginVerification@7d0b7e3c]" started-at="2025-11-14T11:50:33 IST" name="logOut" finished-at="2025-11-14T11:50:38 IST" duration-ms="4843" status="PASS">
          <reporter-output>
          </reporter-output>
        </test-method> <!-- logOut -->
      </class> <!-- Entab.ERP.Tests.LoginVerification -->
    </test> <!-- Default test -->
  </suite> <!-- Default suite -->
</testng-results>
