<?xml version="1.0" encoding="UTF-8"?>
<testng-results ignored="0" total="3" passed="3" failed="0" skipped="0">
  <reporter-output>
  </reporter-output>
  <suite started-at="2025-11-25T10:58:31 IST" name="Default suite" finished-at="2025-11-25T10:59:10 IST" duration-ms="38871">
    <groups>
    </groups>
    <test started-at="2025-11-25T10:58:31 IST" name="Default test" finished-at="2025-11-25T10:59:10 IST" duration-ms="38871">
      <class name="Entab.ERP.Tests.LocationMasterPageVerifcation">
        <test-method is-config="true" signature="lauchApplication()[pri:0, instance:Entab.ERP.Tests.LocationMasterPageVerifcation@5d0bf09b]" started-at="2025-11-25T10:58:31 IST" name="lauchApplication" finished-at="2025-11-25T10:58:42 IST" duration-ms="10468" status="PASS">
          <reporter-output>
          </reporter-output>
        </test-method> <!-- lauchApplication -->
        <test-method signature="verifyLocationMasterPage()[pri:1, instance:Entab.ERP.Tests.LocationMasterPageVerifcation@5d0bf09b]" started-at="2025-11-25T10:58:42 IST" name="verifyLocationMasterPage" finished-at="2025-11-25T10:58:52 IST" duration-ms="10183" status="PASS">
          <reporter-output>
          </reporter-output>
        </test-method> <!-- verifyLocationMasterPage -->
        <test-method signature="deactivateLocationVerfication()[pri:9, instance:Entab.ERP.Tests.LocationMasterPageVerifcation@5d0bf09b]" started-at="2025-11-25T10:58:52 IST" name="deactivateLocationVerfication" finished-at="2025-11-25T10:58:58 IST" duration-ms="6131" status="PASS">
          <reporter-output>
          </reporter-output>
        </test-method> <!-- deactivateLocationVerfication -->
        <test-method signature="activateLocationVerfication()[pri:10, instance:Entab.ERP.Tests.LocationMasterPageVerifcation@5d0bf09b]" started-at="2025-11-25T10:58:58 IST" name="activateLocationVerfication" finished-at="2025-11-25T10:59:04 IST" duration-ms="5557" status="PASS">
          <reporter-output>
          </reporter-output>
        </test-method> <!-- activateLocationVerfication -->
        <test-method is-config="true" signature="logOut()[pri:0, instance:Entab.ERP.Tests.LocationMasterPageVerifcation@5d0bf09b]" started-at="2025-11-25T10:59:04 IST" name="logOut" finished-at="2025-11-25T10:59:10 IST" duration-ms="6482" status="PASS">
          <reporter-output>
          </reporter-output>
        </test-method> <!-- logOut -->
        <test-method is-config="true" signature="tearDown()[pri:0, instance:Entab.ERP.Tests.LocationMasterPageVerifcation@5d0bf09b]" started-at="2025-11-25T10:59:10 IST" name="tearDown" finished-at="2025-11-25T10:59:10 IST" duration-ms="121" status="PASS">
          <reporter-output>
          </reporter-output>
        </test-method> <!-- tearDown -->
      </class> <!-- Entab.ERP.Tests.LocationMasterPageVerifcation -->
    </test> <!-- Default test -->
  </suite> <!-- Default suite -->
</testng-results>
