<?xml version="1.0" encoding="UTF-8"?>
<!-- Generated by org.testng.reporters.JUnitReportReporter -->
<testsuite hostname="Entab-LM16" failures="0" tests="10" name="Entab.ERP.Tests.LocationMasterPageVerifcation" time="28.512" errors="0" timestamp="2025-12-01T10:46:17 IST" skipped="7">
  <testcase classname="Entab.ERP.Tests.LocationMasterPageVerifcation" name="verifyLocationMasterPage" time="17.431"/>
  <testcase classname="Entab.ERP.Tests.LocationMasterPageVerifcation" name="deactivateLocationVerfication" time="5.597"/>
  <testcase classname="Entab.ERP.Tests.LocationMasterPageVerifcation" name="activateLocationVerfication" time="5.484"/>
  <testcase classname="Entab.ERP.Tests.LocationMasterPageVerifcation" name="deteteUsedLocation">
    <skipped/>
  </testcase> <!-- deteteUsedLocation -->
  <testcase classname="Entab.ERP.Tests.LocationMasterPageVerifcation" name="verifyAddLocationMandatoryField">
    <skipped/>
  </testcase> <!-- verifyAddLocationMandatoryField -->
  <testcase classname="Entab.ERP.Tests.LocationMasterPageVerifcation" name="addNewLocationVerification">
    <skipped/>
  </testcase> <!-- addNewLocationVerification -->
  <testcase classname="Entab.ERP.Tests.LocationMasterPageVerifcation" name="duplicateLocationVerification">
    <skipped/>
  </testcase> <!-- duplicateLocationVerification -->
  <testcase classname="Entab.ERP.Tests.LocationMasterPageVerifcation" name="updateLocationVerfication">
    <skipped/>
  </testcase> <!-- updateLocationVerfication -->
  <testcase classname="Entab.ERP.Tests.LocationMasterPageVerifcation" name="updateLocationPageVeification">
    <skipped/>
  </testcase> <!-- updateLocationPageVeification -->
  <testcase classname="Entab.ERP.Tests.LocationMasterPageVerifcation" name="deleteLocationVerification">
    <skipped/>
  </testcase> <!-- deleteLocationVerification -->
</testsuite> <!-- Entab.ERP.Tests.LocationMasterPageVerifcation -->
