<?xml version="1.0" encoding="UTF-8"?>
<!-- Generated by org.testng.reporters.JUnitReportReporter -->
<testsuite hostname="Entab-LM16" failures="0" tests="10" name="Entab.ERP.Tests.VerifyLocationMasterPage" time="71.278" errors="0" timestamp="2026-01-21T15:59:13 IST" skipped="0">
  <testcase classname="Entab.ERP.Tests.VerifyLocationMasterPage" name="verifyLocationMasterPage" time="10.777"/>
  <testcase classname="Entab.ERP.Tests.VerifyLocationMasterPage" name="verifyAddLocationMandatoryField" time="3.283"/>
  <testcase classname="Entab.ERP.Tests.VerifyLocationMasterPage" name="verifyAddNewLocationion" time="6.225"/>
  <testcase classname="Entab.ERP.Tests.VerifyLocationMasterPage" name="verifyUpdateLocationPage" time="7.011"/>
  <testcase classname="Entab.ERP.Tests.VerifyLocationMasterPage" name="verifyUpdateLocation" time="6.912"/>
  <testcase classname="Entab.ERP.Tests.VerifyLocationMasterPage" name="verifyDuplicateLocationName" time="8.111"/>
  <testcase classname="Entab.ERP.Tests.VerifyLocationMasterPage" name="verifyDeleteLocation" time="5.433"/>
  <testcase classname="Entab.ERP.Tests.VerifyLocationMasterPage" name="verifyDetetedUsedLocation" time="11.280"/>
  <testcase classname="Entab.ERP.Tests.VerifyLocationMasterPage" name="verifyDeactivateLocation" time="6.104"/>
  <testcase classname="Entab.ERP.Tests.VerifyLocationMasterPage" name="verifyActivateLocation" time="6.142"/>
</testsuite> <!-- Entab.ERP.Tests.VerifyLocationMasterPage -->
