<?xml version="1.0" encoding="UTF-8"?>
<!-- Generated by org.testng.reporters.JUnitReportReporter -->
<testsuite hostname="Entab-LM16" failures="0" tests="13" name="Entab.ERP.Tests.VerifyLocationMasterPage" time="70.435" errors="0" timestamp="2026-02-25T12:06:52 IST" skipped="0">
  <testcase classname="Entab.ERP.Tests.VerifyLocationMasterPage" name="verifyLocationMasterPage" time="5.844"/>
  <testcase classname="Entab.ERP.Tests.VerifyLocationMasterPage" name="verifyAddLocationMandatoryField" time="1.468"/>
  <testcase classname="Entab.ERP.Tests.VerifyLocationMasterPage" name="verifyAddNewLocationion" time="1.867"/>
  <testcase classname="Entab.ERP.Tests.VerifyLocationMasterPage" name="verifyUpdateLocationPage" time="6.944"/>
  <testcase classname="Entab.ERP.Tests.VerifyLocationMasterPage" name="verifyUpdateLocation" time="6.835"/>
  <testcase classname="Entab.ERP.Tests.VerifyLocationMasterPage" name="verifyDuplicateLocationName" time="7.069"/>
  <testcase classname="Entab.ERP.Tests.VerifyLocationMasterPage" name="verifyDeleteLocation" time="5.875"/>
  <testcase classname="Entab.ERP.Tests.VerifyLocationMasterPage" name="verifyDetetedUsedLocation" time="16.431"/>
  <testcase classname="Entab.ERP.Tests.VerifyLocationMasterPage" name="verifyDeactivateLocation" time="6.294"/>
  <testcase classname="Entab.ERP.Tests.VerifyLocationMasterPage" name="verifyActivateLocation" time="6.177"/>
  <testcase classname="Entab.ERP.Tests.VerifyLocationMasterPage" name="verifyLocationExportCSV" time="5.193"/>
  <testcase classname="Entab.ERP.Tests.VerifyLocationMasterPage" name="verifyLocationExportExcel" time="0.099"/>
  <testcase classname="Entab.ERP.Tests.VerifyLocationMasterPage" name="verifyLocationExportPDF" time="0.339"/>
</testsuite> <!-- Entab.ERP.Tests.VerifyLocationMasterPage -->
