<?xml version="1.0" encoding="UTF-8"?>
<!-- Generated by org.testng.reporters.JUnitReportReporter -->
<testsuite hostname="Entab-LM16" failures="0" tests="13" name="Entab.ERP.Tests.VerifyLocationMasterPage" time="77.210" errors="0" timestamp="2026-02-24T10:02:57 IST" skipped="0">
  <testcase classname="Entab.ERP.Tests.VerifyLocationMasterPage" name="verifyLocationMasterPage" time="12.008"/>
  <testcase classname="Entab.ERP.Tests.VerifyLocationMasterPage" name="verifyAddLocationMandatoryField" time="3.796"/>
  <testcase classname="Entab.ERP.Tests.VerifyLocationMasterPage" name="verifyAddNewLocationion" time="6.381"/>
  <testcase classname="Entab.ERP.Tests.VerifyLocationMasterPage" name="verifyUpdateLocationPage" time="6.880"/>
  <testcase classname="Entab.ERP.Tests.VerifyLocationMasterPage" name="verifyUpdateLocation" time="7.014"/>
  <testcase classname="Entab.ERP.Tests.VerifyLocationMasterPage" name="verifyDuplicateLocationName" time="7.225"/>
  <testcase classname="Entab.ERP.Tests.VerifyLocationMasterPage" name="verifyDeleteLocation" time="5.390"/>
  <testcase classname="Entab.ERP.Tests.VerifyLocationMasterPage" name="verifyDetetedUsedLocation" time="11.139"/>
  <testcase classname="Entab.ERP.Tests.VerifyLocationMasterPage" name="verifyDeactivateLocation" time="5.766"/>
  <testcase classname="Entab.ERP.Tests.VerifyLocationMasterPage" name="verifyActivateLocation" time="6.099"/>
  <testcase classname="Entab.ERP.Tests.VerifyLocationMasterPage" name="verifyExportCSV" time="1.144"/>
  <testcase classname="Entab.ERP.Tests.VerifyLocationMasterPage" name="verifyExportExcel" time="1.094"/>
  <testcase classname="Entab.ERP.Tests.VerifyLocationMasterPage" name="verifyExportPDF" time="3.274"/>
</testsuite> <!-- Entab.ERP.Tests.VerifyLocationMasterPage -->
