<?xml version="1.0" encoding="UTF-8"?>
<!-- Generated by org.testng.reporters.JUnitReportReporter -->
<testsuite hostname="Entab-LM16" failures="0" tests="3" name="Entab.ERP.Tests.HomePageVerification" time="26.587" errors="0" timestamp="2026-01-19T17:48:25 IST" skipped="0">
  <testcase classname="Entab.ERP.Tests.HomePageVerification" name="verifyLoginUserName" time="13.446"/>
  <testcase classname="Entab.ERP.Tests.HomePageVerification" name="verifyUserId" time="5.563"/>
  <testcase classname="Entab.ERP.Tests.HomePageVerification" name="verifyChangePasswordText" time="7.578"/>
</testsuite> <!-- Entab.ERP.Tests.HomePageVerification -->
