<?xml version="1.0" encoding="UTF-8"?>
<!-- Generated by org.testng.reporters.JUnitReportReporter -->
<testsuite hostname="Entab-LM16" failures="0" tests="2" name="Entab.ERP.Tests.LocationMasterPageVerifcation" time="13.339" errors="0" timestamp="2025-11-21T09:30:38 IST" skipped="0">
  <testcase classname="Entab.ERP.Tests.LocationMasterPageVerifcation" name="verifyAddLocationMandatoryField" time="2.649"/>
  <testcase classname="Entab.ERP.Tests.LocationMasterPageVerifcation" name="verifyLocationMasterPage" time="10.690"/>
</testsuite> <!-- Entab.ERP.Tests.LocationMasterPageVerifcation -->
