<?xml version="1.0" encoding="UTF-8"?>
<!-- Generated by org.testng.reporters.JUnitReportReporter -->
<testsuite hostname="Entab-LM16" failures="0" tests="3" name="Entab.ERP.Tests.HomePageVerification" time="15.015" errors="0" timestamp="2025-11-20T14:24:42 IST" skipped="0">
  <testcase classname="Entab.ERP.Tests.HomePageVerification" name="verifyLoginUserName" time="7.352"/>
  <testcase classname="Entab.ERP.Tests.HomePageVerification" name="verifyProfile" time="0.136"/>
  <testcase classname="Entab.ERP.Tests.HomePageVerification" name="verifyChangePasswordText" time="7.527"/>
</testsuite> <!-- Entab.ERP.Tests.HomePageVerification -->
