<?xml version="1.0" encoding="UTF-8"?>
<!-- Generated by org.testng.reporters.JUnitReportReporter -->
<testsuite hostname="Entab-LM16" failures="0" tests="3" name="Entab.ERP.Tests.HomePageVerification" time="10.218" errors="0" timestamp="2025-11-19T12:25:12 IST" skipped="1">
  <testcase classname="Entab.ERP.Tests.HomePageVerification" name="verifyLoginUserName" time="10.047"/>
  <testcase classname="Entab.ERP.Tests.HomePageVerification" name="verifyProfile" time="0.171"/>
  <testcase classname="Entab.ERP.Tests.HomePageVerification" name="verifyChangePasswordText">
    <skipped/>
  </testcase> <!-- verifyChangePasswordText -->
</testsuite> <!-- Entab.ERP.Tests.HomePageVerification -->
